
Bladebit Chia Plotter
Version      : 3.1.0
Git Commit   : e9836f8bd963321457bc86eb5d61344bfb76dcf0
Compiled With: gcc 9.4.0

[Global Plotting Config]
 Will create 1 plots.
 Thread count          : 2
 Warm start enabled    : false
 NUMA disabled         : false
 CPU affinity disabled : false
 Farmer public key     : 81f61d3cfabbe5f9b9fd6b1e078e0a4bab42f126a77b013f174644df7243f10e6266e3e7d180d48dddf1ec2c622c2a2b
 Pool public key       : b403d3c00ff9c9274e01385471b86003ea36c7ab58aad12d2a711b316edd560ee9816a532123eea2c14782889e491d7c
 Benchmark mode        : disabled

System Memory: 469/472 GiB.
Memory required: 416 GiB.
Allocating buffers.

Generating plot 1 / 1: a518b6a86d7966e7af7cc8c958423ea8091af087b09921697ba55073682b4b90
Plot temporary file: /data-l/varvara/plot/plot-k32-2025-01-09-06-11-a518b6a86d7966e7af7cc8c958423ea8091af087b09921697ba55073682b4b90.plot.tmp

Running Phase 1
Generating F1...
Finished F1 generation in 32.49 seconds.
Sorting F1...
Finished F1 sort in 177.16 seconds.
Progress update: 0.01
Forward propagating to table 2...
  Pairing L/R groups...
  Finished pairing L/R groups in 235.5640 seconds. Created 4294967296 pairs.
  Average of 236.1406 pairs per group.
  Computing Fx...
  Finished computing Fx in 320.3720 seconds.
  Sorting entries...
  Finished sorting in 457.84 seconds.
Finished forward propagating table 2 in 1018.45 seconds.
Progress update: 0.06
Forward propagating to table 3...
  Pairing L/R groups...
  Finished pairing L/R groups in 223.3990 seconds. Created 4294967296 pairs.
  Average of 236.1406 pairs per group.
  Computing Fx...
  Finished computing Fx in 314.6450 seconds.
  Sorting entries...
  Finished sorting in 456.56 seconds.
Finished forward propagating table 3 in 999.06 seconds.
Progress update: 0.12
Forward propagating to table 4...
  Pairing L/R groups...
  Finished pairing L/R groups in 223.5390 seconds. Created 4294967296 pairs.
  Average of 236.1406 pairs per group.
  Computing Fx...
  Finished computing Fx in 326.4960 seconds.
  Sorting entries...
  Finished sorting in 442.59 seconds.
Finished forward propagating table 4 in 997.06 seconds.
Progress update: 0.2
Forward propagating to table 5...
  Pairing L/R groups...
  Finished pairing L/R groups in 223.3640 seconds. Created 4294967296 pairs.
  Average of 236.1406 pairs per group.
  Computing Fx...
  Finished computing Fx in 328.4510 seconds.
  Sorting entries...
  Finished sorting in 442.71 seconds.
Finished forward propagating table 5 in 999.00 seconds.
Progress update: 0.28
Forward propagating to table 6...
  Pairing L/R groups...
  Finished pairing L/R groups in 223.3470 seconds. Created 4294967296 pairs.
  Average of 236.1406 pairs per group.
  Computing Fx...
  Finished computing Fx in 318.9040 seconds.
  Sorting entries...
  Finished sorting in 438.11 seconds.
Finished forward propagating table 6 in 984.80 seconds.
Progress update: 0.36
Forward propagating to table 7...
  Pairing L/R groups...
  Finished pairing L/R groups in 223.4920 seconds. Created 4294967296 pairs.
  Average of 236.1406 pairs per group.
  Computing Fx...
  Finished computing Fx in 313.7180 seconds.
Finished forward propagating table 7 in 541.65 seconds.
Progress update: 0.42
Finished Phase 1 in 5749.69 seconds.
Running Phase 2
  Prunning table 6...
  Finished prunning table 6 in 10.95 seconds.
Progress update: 0.43
  Prunning table 5...
  Finished prunning table 5 in 92.33 seconds.
Progress update: 0.48
  Prunning table 4...
  Finished prunning table 4 in 89.01 seconds.
Progress update: 0.51
  Prunning table 3...
  Finished prunning table 3 in 87.32 seconds.
Progress update: 0.55
  Prunning table 2...
  Finished prunning table 2 in 87.04 seconds.
Progress update: 0.58
Finished Phase 2 in 369.38 seconds.
Running Phase 3
  Compressing tables 1 and 2...
  Finished compressing tables 1 and 2 in 376.38 seconds
Progress update: 0.66
  Table 1 now has 3429369466 / 4294967296 entries ( 79.85% ).
  Compressing tables 2 and 3...
  Finished compressing tables 2 and 3 in 386.46 seconds
Progress update: 0.73
  Table 2 now has 3439865165 / 4294967296 entries ( 80.09% ).
  Compressing tables 3 and 4...
  Finished compressing tables 3 and 4 in 389.25 seconds
Progress update: 0.79
  Table 3 now has 3466080200 / 4294967296 entries ( 80.70% ).
  Compressing tables 4 and 5...
  Finished compressing tables 4 and 5 in 396.99 seconds
Progress update: 0.85
  Table 4 now has 3532930520 / 4294967296 entries ( 82.26% ).
  Compressing tables 5 and 6...
  Finished compressing tables 5 and 6 in 415.94 seconds
Progress update: 0.92
  Table 5 now has 3713623621 / 4294967296 entries ( 86.46% ).
  Compressing tables 6 and 7...
  Finished compressing tables 6 and 7 in 554.63 seconds
Progress update: 0.98
  Table 6 now has 4294967296 / 4294967296 entries ( 100.00% ).
Finished Phase 3 in 2519.66 seconds.
Running Phase 4
  Writing P7.
  Finished writing P7 in 3.97 seconds.
  Writing C1 table.
  Finished writing C1 table in 0.00 seconds.
  Writing C2 table.
  Finished writing C2 table in 0.00 seconds.
  Writing C3 table.
  Finished writing C3 table in 6.80 seconds.
Finished Phase 4 in 10.78 seconds.
Writing final plot tables to disk
/data-l/varvara/plot/plot-k32-2025-01-09-06-11-a518b6a86d7966e7af7cc8c958423ea8091af087b09921697ba55073682b4b90.plot.tmp -> /data-l/varvara/plot/plot-k32-2025-01-09-06-11-a518b6a86d7966e7af7cc8c958423ea8091af087b09921697ba55073682b4b90.plot
Final plot table pointers:
 Table 1:             4096 ( 0x0000000000001000 )
 Table 2:      14839396510 ( 0x00000003747f389e )
 Table 3:      28822249660 ( 0x00000006b5f0a0bc )
 Table 4:      42911662810 ( 0x00000009fdbc02da )
 Table 5:      57272820610 ( 0x0000000d55b9e382 )
 Table 6:      72368484835 ( 0x00000010d97f71e3 )
 Table 7:      89827275235 ( 0x00000014ea1f71e3 )
 C 1    :     107544015331 ( 0x000000190a1f71e3 )
 C 2    :     107545733323 ( 0x000000190a39a8cb )
 C 3    :     107545733499 ( 0x000000190a39a97b )

Final plot table sizes:
 Table 1: 14151.95 MiB
 Table 2: 13335.09 MiB
 Table 3: 13436.71 MiB
 Table 4: 13695.87 MiB
 Table 5: 14396.35 MiB
 Table 6: 16650.00 MiB
 Table 7: 16896.00 MiB
 C 1    : 1.64 MiB
 C 2    : 0.00 MiB
 C 3    : 1228.80 MiB

Finished writing tables to disk in 166.82 seconds.
Finished plotting in 8816.34 seconds (146.94 minutes).
