
Bladebit Chia Plotter
Version      : 3.1.0
Git Commit   : e9836f8bd963321457bc86eb5d61344bfb76dcf0
Compiled With: gcc 9.4.0

[Global Plotting Config]
 Will create 1 plots.
 Thread count          : 4
 Warm start enabled    : false
 NUMA disabled         : false
 CPU affinity disabled : false
 Farmer public key     : 81f61d3cfabbe5f9b9fd6b1e078e0a4bab42f126a77b013f174644df7243f10e6266e3e7d180d48dddf1ec2c622c2a2b
 Pool public key       : b403d3c00ff9c9274e01385471b86003ea36c7ab58aad12d2a711b316edd560ee9816a532123eea2c14782889e491d7c
 Benchmark mode        : disabled

System Memory: 469/472 GiB.
Memory required: 416 GiB.
Allocating buffers.

Generating plot 1 / 1: 4c937503feecadaa56bcf6362e71093595801af9f9df17c605cb2c6a2d79c988
Plot temporary file: /data-fast/varvara/plot/plot-k32-2025-01-10-16-12-4c937503feecadaa56bcf6362e71093595801af9f9df17c605cb2c6a2d79c988.plot.tmp

Running Phase 1
Generating F1...
Finished F1 generation in 19.07 seconds.
Sorting F1...
Finished F1 sort in 101.36 seconds.
Progress update: 0.01
Forward propagating to table 2...
  Pairing L/R groups...
  Finished pairing L/R groups in 143.3370 seconds. Created 4294967296 pairs.
  Average of 236.1406 pairs per group.
  Computing Fx...
  Finished computing Fx in 187.3060 seconds.
  Sorting entries...
  Finished sorting in 252.56 seconds.
Finished forward propagating table 2 in 586.94 seconds.
Progress update: 0.06
Forward propagating to table 3...
  Pairing L/R groups...
  Finished pairing L/R groups in 132.1340 seconds. Created 4294967296 pairs.
  Average of 236.1406 pairs per group.
  Computing Fx...
  Finished computing Fx in 182.3920 seconds.
  Sorting entries...
  Finished sorting in 258.21 seconds.
Finished forward propagating table 3 in 576.52 seconds.
Progress update: 0.12
Forward propagating to table 4...
  Pairing L/R groups...
  Finished pairing L/R groups in 132.1290 seconds. Created 4294967296 pairs.
  Average of 236.1406 pairs per group.
  Computing Fx...
  Finished computing Fx in 190.2470 seconds.
  Sorting entries...
  Finished sorting in 244.36 seconds.
Finished forward propagating table 4 in 570.53 seconds.
Progress update: 0.2
Forward propagating to table 5...
  Pairing L/R groups...
  Finished pairing L/R groups in 131.8750 seconds. Created 4294861284 pairs.
  Average of 236.1348 pairs per group.
  Computing Fx...
  Finished computing Fx in 190.9590 seconds.
  Sorting entries...
  Finished sorting in 244.26 seconds.
Finished forward propagating table 5 in 570.87 seconds.
Progress update: 0.28
Forward propagating to table 6...
  Pairing L/R groups...
  Finished pairing L/R groups in 132.2150 seconds. Created 4294652737 pairs.
  Average of 236.1233 pairs per group.
  Computing Fx...
  Finished computing Fx in 185.8090 seconds.
  Sorting entries...
  Finished sorting in 239.84 seconds.
Finished forward propagating table 6 in 561.67 seconds.
Progress update: 0.36
Forward propagating to table 7...
  Pairing L/R groups...
  Finished pairing L/R groups in 132.3010 seconds. Created 4294310162 pairs.
  Average of 236.1045 pairs per group.
  Computing Fx...
  Finished computing Fx in 183.4320 seconds.
Finished forward propagating table 7 in 319.52 seconds.
Progress update: 0.42
Finished Phase 1 in 3306.50 seconds.
Running Phase 2
  Prunning table 6...
  Finished prunning table 6 in 6.46 seconds.
Progress update: 0.43
  Prunning table 5...
  Finished prunning table 5 in 60.16 seconds.
Progress update: 0.48
  Prunning table 4...
  Finished prunning table 4 in 57.76 seconds.
Progress update: 0.51
  Prunning table 3...
  Finished prunning table 3 in 56.89 seconds.
Progress update: 0.55
  Prunning table 2...
  Finished prunning table 2 in 56.53 seconds.
Progress update: 0.58
Finished Phase 2 in 240.09 seconds.
Running Phase 3
  Compressing tables 1 and 2...
  Finished compressing tables 1 and 2 in 222.75 seconds
Progress update: 0.66
  Table 1 now has 3429405840 / 4294967296 entries ( 79.85% ).
  Compressing tables 2 and 3...
  Finished compressing tables 2 and 3 in 226.56 seconds
Progress update: 0.73
  Table 2 now has 3439870644 / 4294967296 entries ( 80.09% ).
  Compressing tables 3 and 4...
  Finished compressing tables 3 and 4 in 228.07 seconds
Progress update: 0.79
  Table 3 now has 3466079109 / 4294967296 entries ( 80.70% ).
  Compressing tables 4 and 5...
  Finished compressing tables 4 and 5 in 232.49 seconds
Progress update: 0.85
  Table 4 now has 3532841325 / 4294861284 entries ( 82.26% ).
  Compressing tables 5 and 6...
  Finished compressing tables 5 and 6 in 244.07 seconds
Progress update: 0.92
  Table 5 now has 3713334775 / 4294652737 entries ( 86.46% ).
  Compressing tables 6 and 7...
  Finished compressing tables 6 and 7 in 252.83 seconds
Progress update: 0.98
  Table 6 now has 4294310162 / 4294310162 entries ( 100.00% ).
Finished Phase 3 in 1406.76 seconds.
Running Phase 4
  Writing P7.
  Finished writing P7 in 3.60 seconds.
  Writing C1 table.
  Finished writing C1 table in 0.00 seconds.
  Writing C2 table.
  Finished writing C2 table in 0.00 seconds.
  Writing C3 table.
  Finished writing C3 table in 3.86 seconds.
Finished Phase 4 in 7.47 seconds.
Writing final plot tables to disk
/data-fast/varvara/plot/plot-k32-2025-01-10-16-12-4c937503feecadaa56bcf6362e71093595801af9f9df17c605cb2c6a2d79c988.plot.tmp -> /data-fast/varvara/plot/plot-k32-2025-01-10-16-12-4c937503feecadaa56bcf6362e71093595801af9f9df17c605cb2c6a2d79c988.plot
Final plot table pointers:
 Table 1:             4096 ( 0x0000000000001000 )
 Table 2:      14839556026 ( 0x000000037481a7ba )
 Table 3:      28822434151 ( 0x00000006b5f37167 )
 Table 4:      42911847301 ( 0x00000009fdbed385 )
 Table 5:      57272647126 ( 0x0000000d55b73dd6 )
 Table 6:      72367137526 ( 0x00000010d96ae2f6 )
 Table 7:      89823263926 ( 0x00000014e9e23cb6 )
 C 1    :     107537300662 ( 0x0000001909b8fcb6 )
 C 2    :     107539018394 ( 0x0000001909d3329a )
 C 3    :     107539018570 ( 0x0000001909d3334a )

Final plot table sizes:
 Table 1: 14152.10 MiB
 Table 2: 13335.11 MiB
 Table 3: 13436.71 MiB
 Table 4: 13695.53 MiB
 Table 5: 14395.23 MiB
 Table 6: 16647.46 MiB
 Table 7: 16893.42 MiB
 C 1    : 1.64 MiB
 C 2    : 0.00 MiB
 C 3    : 1228.61 MiB

Finished writing tables to disk in 20.71 seconds.
Finished plotting in 4981.53 seconds (83.03 minutes).
