
Bladebit Chia Plotter
Version      : 3.1.0
Git Commit   : e9836f8bd963321457bc86eb5d61344bfb76dcf0
Compiled With: gcc 9.4.0

[Global Plotting Config]
 Will create 1 plots.
 Thread count          : 32
 Warm start enabled    : false
 NUMA disabled         : false
 CPU affinity disabled : false
 Farmer public key     : 81f61d3cfabbe5f9b9fd6b1e078e0a4bab42f126a77b013f174644df7243f10e6266e3e7d180d48dddf1ec2c622c2a2b
 Pool public key       : b403d3c00ff9c9274e01385471b86003ea36c7ab58aad12d2a711b316edd560ee9816a532123eea2c14782889e491d7c
 Benchmark mode        : disabled

System Memory: 469/472 GiB.
Memory required: 416 GiB.
Allocating buffers.

Generating plot 1 / 1: 4164c39e788986e3024ea3433588f0d01bff61ae6c181ba2d6a6400ebf9cccbe
Plot temporary file: /data-fast/varvara/plot/plot-k32-2025-01-10-21-31-4164c39e788986e3024ea3433588f0d01bff61ae6c181ba2d6a6400ebf9cccbe.plot.tmp

Running Phase 1
Generating F1...
Finished F1 generation in 5.84 seconds.
Sorting F1...
Finished F1 sort in 16.20 seconds.
Progress update: 0.01
Forward propagating to table 2...
  Pairing L/R groups...
  Finished pairing L/R groups in 19.5640 seconds. Created 4294967296 pairs.
  Average of 236.1406 pairs per group.
  Computing Fx...
  Finished computing Fx in 23.4990 seconds.
  Sorting entries...
  Finished sorting in 45.70 seconds.
Finished forward propagating table 2 in 89.56 seconds.
Progress update: 0.06
Forward propagating to table 3...
  Pairing L/R groups...
  Finished pairing L/R groups in 16.5040 seconds. Created 4294905939 pairs.
  Average of 236.1373 pairs per group.
  Computing Fx...
  Finished computing Fx in 22.8010 seconds.
  Sorting entries...
  Finished sorting in 44.68 seconds.
Finished forward propagating table 3 in 84.78 seconds.
Progress update: 0.12
Forward propagating to table 4...
  Pairing L/R groups...
  Finished pairing L/R groups in 16.5190 seconds. Created 4294756900 pairs.
  Average of 236.1291 pairs per group.
  Computing Fx...
  Finished computing Fx in 23.5760 seconds.
  Sorting entries...
  Finished sorting in 44.09 seconds.
Finished forward propagating table 4 in 84.97 seconds.
Progress update: 0.2
Forward propagating to table 5...
  Pairing L/R groups...
  Finished pairing L/R groups in 16.5110 seconds. Created 4294422218 pairs.
  Average of 236.1107 pairs per group.
  Computing Fx...
  Finished computing Fx in 23.7050 seconds.
  Sorting entries...
  Finished sorting in 44.01 seconds.
Finished forward propagating table 5 in 85.02 seconds.
Progress update: 0.28
Forward propagating to table 6...
  Pairing L/R groups...
  Finished pairing L/R groups in 16.5050 seconds. Created 4293737465 pairs.
  Average of 236.0730 pairs per group.
  Computing Fx...
  Finished computing Fx in 22.9930 seconds.
  Sorting entries...
  Finished sorting in 42.30 seconds.
Finished forward propagating table 6 in 82.59 seconds.
Progress update: 0.36
Forward propagating to table 7...
  Pairing L/R groups...
  Finished pairing L/R groups in 16.5110 seconds. Created 4292473170 pairs.
  Average of 236.0035 pairs per group.
  Computing Fx...
  Finished computing Fx in 22.7810 seconds.
Finished forward propagating table 7 in 40.08 seconds.
Progress update: 0.42
Finished Phase 1 in 489.05 seconds.
Running Phase 2
  Prunning table 6...
  Finished prunning table 6 in 0.90 seconds.
Progress update: 0.43
  Prunning table 5...
  Finished prunning table 5 in 14.37 seconds.
Progress update: 0.48
  Prunning table 4...
  Finished prunning table 4 in 13.43 seconds.
Progress update: 0.51
  Prunning table 3...
  Finished prunning table 3 in 13.27 seconds.
Progress update: 0.55
  Prunning table 2...
  Finished prunning table 2 in 14.15 seconds.
Progress update: 0.58
Finished Phase 2 in 56.71 seconds.
Running Phase 3
  Compressing tables 1 and 2...
  Finished compressing tables 1 and 2 in 47.03 seconds
Progress update: 0.66
  Table 1 now has 3429351259 / 4294967296 entries ( 79.85% ).
  Compressing tables 2 and 3...
  Finished compressing tables 2 and 3 in 50.66 seconds
Progress update: 0.73
  Table 2 now has 3439729774 / 4294905939 entries ( 80.09% ).
  Compressing tables 3 and 4...
  Finished compressing tables 3 and 4 in 50.84 seconds
Progress update: 0.79
  Table 3 now has 3465746030 / 4294756900 entries ( 80.70% ).
  Compressing tables 4 and 5...
  Finished compressing tables 4 and 5 in 51.89 seconds
Progress update: 0.85
  Table 4 now has 3532271577 / 4294422218 entries ( 82.25% ).
  Compressing tables 5 and 6...
  Finished compressing tables 5 and 6 in 53.80 seconds
Progress update: 0.92
  Table 5 now has 3712327139 / 4293737465 entries ( 86.46% ).
  Compressing tables 6 and 7...
  Finished compressing tables 6 and 7 in 55.14 seconds
Progress update: 0.98
  Table 6 now has 4292473170 / 4292473170 entries ( 100.00% ).
Finished Phase 3 in 309.37 seconds.
Running Phase 4
  Writing P7.
  Finished writing P7 in 0.83 seconds.
  Writing C1 table.
  Finished writing C1 table in 0.00 seconds.
  Writing C2 table.
  Finished writing C2 table in 0.00 seconds.
  Writing C3 table.
  Finished writing C3 table in 0.55 seconds.
Finished Phase 4 in 1.39 seconds.
Writing final plot tables to disk
/data-fast/varvara/plot/plot-k32-2025-01-10-21-31-4164c39e788986e3024ea3433588f0d01bff61ae6c181ba2d6a6400ebf9cccbe.plot.tmp -> /data-fast/varvara/plot/plot-k32-2025-01-10-21-31-4164c39e788986e3024ea3433588f0d01bff61ae6c181ba2d6a6400ebf9cccbe.plot
Final plot table pointers:
 Table 1:             4096 ( 0x0000000000001000 )
 Table 2:      14839316752 ( 0x00000003747e0110 )
 Table 3:      28821620452 ( 0x00000006b5e706e4 )
 Table 4:      42909676627 ( 0x00000009fd9db453 )
 Table 5:      57268153777 ( 0x0000000d5572adb1 )
 Table 6:      72358548277 ( 0x00000010d8e7d335 )
 Table 7:      89807207152 ( 0x00000014e8ed3af0 )
 C 1    :     107513666032 ( 0x00000019085059f0 )
 C 2    :     107515383028 ( 0x00000019086a8cf4 )
 C 3    :     107515383204 ( 0x00000019086a8da4 )

Final plot table sizes:
 Table 1: 14151.87 MiB
 Table 2: 13334.56 MiB
 Table 3: 13435.42 MiB
 Table 4: 13693.31 MiB
 Table 5: 14391.32 MiB
 Table 6: 16640.34 MiB
 Table 7: 16886.20 MiB
 C 1    : 1.64 MiB
 C 2    : 0.00 MiB
 C 3    : 1228.09 MiB

Finished writing tables to disk in 28.32 seconds.
Finished plotting in 884.84 seconds (14.75 minutes).
