
Bladebit Chia Plotter
Version      : 3.1.0
Git Commit   : e9836f8bd963321457bc86eb5d61344bfb76dcf0
Compiled With: gcc 9.4.0

[Global Plotting Config]
 Will create 1 plots.
 Thread count          : 8
 Warm start enabled    : false
 NUMA disabled         : false
 CPU affinity disabled : false
 Farmer public key     : 81f61d3cfabbe5f9b9fd6b1e078e0a4bab42f126a77b013f174644df7243f10e6266e3e7d180d48dddf1ec2c622c2a2b
 Pool public key       : b403d3c00ff9c9274e01385471b86003ea36c7ab58aad12d2a711b316edd560ee9816a532123eea2c14782889e491d7c
 Benchmark mode        : disabled

System Memory: 469/472 GiB.
Memory required: 416 GiB.
Allocating buffers.

Generating plot 1 / 1: 019cfa3d5dddabafbd730d9b2ac810e4151d53227ec9e253eeb54685ea3f922e
Plot temporary file: /data-fast/varvara/plot/plot-k32-2025-01-10-17-36-019cfa3d5dddabafbd730d9b2ac810e4151d53227ec9e253eeb54685ea3f922e.plot.tmp

Running Phase 1
Generating F1...
Finished F1 generation in 12.31 seconds.
Sorting F1...
Finished F1 sort in 58.65 seconds.
Progress update: 0.01
Forward propagating to table 2...
  Pairing L/R groups...
  Finished pairing L/R groups in 73.6000 seconds. Created 4294949205 pairs.
  Average of 236.1396 pairs per group.
  Computing Fx...
  Finished computing Fx in 94.3680 seconds.
  Sorting entries...
  Finished sorting in 137.14 seconds.
Finished forward propagating table 2 in 308.01 seconds.
Progress update: 0.06
Forward propagating to table 3...
  Pairing L/R groups...
  Finished pairing L/R groups in 67.2210 seconds. Created 4294934422 pairs.
  Average of 236.1388 pairs per group.
  Computing Fx...
  Finished computing Fx in 91.8110 seconds.
  Sorting entries...
  Finished sorting in 139.51 seconds.
Finished forward propagating table 3 in 301.42 seconds.
Progress update: 0.12
Forward propagating to table 4...
  Pairing L/R groups...
  Finished pairing L/R groups in 67.3330 seconds. Created 4294848302 pairs.
  Average of 236.1341 pairs per group.
  Computing Fx...
  Finished computing Fx in 95.2400 seconds.
  Sorting entries...
  Finished sorting in 132.83 seconds.
Finished forward propagating table 4 in 298.28 seconds.
Progress update: 0.2
Forward propagating to table 5...
  Pairing L/R groups...
  Finished pairing L/R groups in 67.1350 seconds. Created 4294746633 pairs.
  Average of 236.1285 pairs per group.
  Computing Fx...
  Finished computing Fx in 95.8270 seconds.
  Sorting entries...
  Finished sorting in 133.07 seconds.
Finished forward propagating table 5 in 298.93 seconds.
Progress update: 0.28
Forward propagating to table 6...
  Pairing L/R groups...
  Finished pairing L/R groups in 67.2300 seconds. Created 4294545536 pairs.
  Average of 236.1174 pairs per group.
  Computing Fx...
  Finished computing Fx in 93.0270 seconds.
  Sorting entries...
  Finished sorting in 130.66 seconds.
Finished forward propagating table 6 in 293.82 seconds.
Progress update: 0.36
Forward propagating to table 7...
  Pairing L/R groups...
  Finished pairing L/R groups in 67.1630 seconds. Created 4294117788 pairs.
  Average of 236.0939 pairs per group.
  Computing Fx...
  Finished computing Fx in 91.9710 seconds.
Finished forward propagating table 7 in 162.03 seconds.
Progress update: 0.42
Finished Phase 1 in 1733.46 seconds.
Running Phase 2
  Prunning table 6...
  Finished prunning table 6 in 3.34 seconds.
Progress update: 0.43
  Prunning table 5...
  Finished prunning table 5 in 46.39 seconds.
Progress update: 0.48
  Prunning table 4...
  Finished prunning table 4 in 44.19 seconds.
Progress update: 0.51
  Prunning table 3...
  Finished prunning table 3 in 43.40 seconds.
Progress update: 0.55
  Prunning table 2...
  Finished prunning table 2 in 43.07 seconds.
Progress update: 0.58
Finished Phase 2 in 182.42 seconds.
Running Phase 3
  Compressing tables 1 and 2...
  Finished compressing tables 1 and 2 in 160.73 seconds
Progress update: 0.66
  Table 1 now has 3429381323 / 4294949205 entries ( 79.85% ).
  Compressing tables 2 and 3...
  Finished compressing tables 2 and 3 in 161.69 seconds
Progress update: 0.73
  Table 2 now has 3439824963 / 4294934422 entries ( 80.09% ).
  Compressing tables 3 and 4...
  Finished compressing tables 3 and 4 in 162.86 seconds
Progress update: 0.79
  Table 3 now has 3465982011 / 4294848302 entries ( 80.70% ).
  Compressing tables 4 and 5...
  Finished compressing tables 4 and 5 in 166.89 seconds
Progress update: 0.85
  Table 4 now has 3532740751 / 4294746633 entries ( 82.26% ).
  Compressing tables 5 and 6...
  Finished compressing tables 5 and 6 in 175.14 seconds
Progress update: 0.92
  Table 5 now has 3713187559 / 4294545536 entries ( 86.46% ).
  Compressing tables 6 and 7...
  Finished compressing tables 6 and 7 in 184.98 seconds
Progress update: 0.98
  Table 6 now has 4294117788 / 4294117788 entries ( 100.00% ).
Finished Phase 3 in 1012.29 seconds.
Running Phase 4
  Writing P7.
  Finished writing P7 in 3.04 seconds.
  Writing C1 table.
  Finished writing C1 table in 0.00 seconds.
  Writing C2 table.
  Finished writing C2 table in 0.00 seconds.
  Writing C3 table.
  Finished writing C3 table in 2.01 seconds.
Finished Phase 4 in 5.06 seconds.
Writing final plot tables to disk
/data-fast/varvara/plot/plot-k32-2025-01-10-17-36-019cfa3d5dddabafbd730d9b2ac810e4151d53227ec9e253eeb54685ea3f922e.plot.tmp -> /data-fast/varvara/plot/plot-k32-2025-01-10-17-36-019cfa3d5dddabafbd730d9b2ac810e4151d53227ec9e253eeb54685ea3f922e.plot
Final plot table pointers:
 Table 1:             4096 ( 0x0000000000001000 )
 Table 2:      14839449682 ( 0x0000000374800852 )
 Table 3:      28822144657 ( 0x00000006b5ef0691 )
 Table 4:      42911166532 ( 0x00000009fdb47044 )
 Table 5:      57271558432 ( 0x0000000d55a6a120 )
 Table 6:      72365449432 ( 0x00000010d95120d8 )
 Table 7:      89820793282 ( 0x00000014e9bc89c2 )
 C 1    :     107534035906 ( 0x0000001909872bc2 )
 C 2    :     107535753558 ( 0x0000001909a16156 )
 C 3    :     107535753734 ( 0x0000001909a16206 )

Final plot table sizes:
 Table 1: 14152.00 MiB
 Table 2: 13334.94 MiB
 Table 3: 13436.34 MiB
 Table 4: 13695.14 MiB
 Table 5: 14394.66 MiB
 Table 6: 16646.71 MiB
 Table 7: 16892.66 MiB
 C 1    : 1.64 MiB
 C 2    : 0.00 MiB
 C 3    : 1228.56 MiB

Finished writing tables to disk in 22.61 seconds.
Finished plotting in 2955.83 seconds (49.26 minutes).
