
Bladebit Chia Plotter
Version      : 3.1.0
Git Commit   : e9836f8bd963321457bc86eb5d61344bfb76dcf0
Compiled With: gcc 9.4.0

[Global Plotting Config]
 Will create 1 plots.
 Thread count          : 64
 Warm start enabled    : false
 NUMA disabled         : false
 CPU affinity disabled : false
 Farmer public key     : 81f61d3cfabbe5f9b9fd6b1e078e0a4bab42f126a77b013f174644df7243f10e6266e3e7d180d48dddf1ec2c622c2a2b
 Pool public key       : b403d3c00ff9c9274e01385471b86003ea36c7ab58aad12d2a711b316edd560ee9816a532123eea2c14782889e491d7c
 Benchmark mode        : disabled

System Memory: 469/472 GiB.
Memory required: 416 GiB.
Allocating buffers.

Generating plot 1 / 1: 5d6f85a278a17fc5aedd88dd7b43662a82df5254e61e1733443f713341ab39c6
Plot temporary file: /data-l/varvara/plot/plot-k32-2025-01-10-00-32-5d6f85a278a17fc5aedd88dd7b43662a82df5254e61e1733443f713341ab39c6.plot.tmp

Running Phase 1
Generating F1...
Finished F1 generation in 6.63 seconds.
Sorting F1...
Finished F1 sort in 10.96 seconds.
Progress update: 0.01
Forward propagating to table 2...
  Pairing L/R groups...
  Finished pairing L/R groups in 11.9000 seconds. Created 4294967296 pairs.
  Average of 236.1406 pairs per group.
  Computing Fx...
  Finished computing Fx in 11.9740 seconds.
  Sorting entries...
  Finished sorting in 33.53 seconds.
Finished forward propagating table 2 in 57.88 seconds.
Progress update: 0.06
Forward propagating to table 3...
  Pairing L/R groups...
  Finished pairing L/R groups in 8.4510 seconds. Created 4294967296 pairs.
  Average of 236.1406 pairs per group.
  Computing Fx...
  Finished computing Fx in 11.6230 seconds.
  Sorting entries...
  Finished sorting in 31.74 seconds.
Finished forward propagating table 3 in 52.28 seconds.
Progress update: 0.12
Forward propagating to table 4...
  Pairing L/R groups...
  Finished pairing L/R groups in 8.4390 seconds. Created 4294967296 pairs.
  Average of 236.1406 pairs per group.
  Computing Fx...
  Finished computing Fx in 11.9680 seconds.
  Sorting entries...
  Finished sorting in 31.75 seconds.
Finished forward propagating table 4 in 52.63 seconds.
Progress update: 0.2
Forward propagating to table 5...
  Pairing L/R groups...
  Finished pairing L/R groups in 8.4110 seconds. Created 4294967296 pairs.
  Average of 236.1406 pairs per group.
  Computing Fx...
  Finished computing Fx in 11.9760 seconds.
  Sorting entries...
  Finished sorting in 31.66 seconds.
Finished forward propagating table 5 in 52.52 seconds.
Progress update: 0.28
Forward propagating to table 6...
  Pairing L/R groups...
  Finished pairing L/R groups in 8.4080 seconds. Created 4294967296 pairs.
  Average of 236.1406 pairs per group.
  Computing Fx...
  Finished computing Fx in 11.6470 seconds.
  Sorting entries...
  Finished sorting in 30.30 seconds.
Finished forward propagating table 6 in 50.83 seconds.
Progress update: 0.36
Forward propagating to table 7...
  Pairing L/R groups...
  Finished pairing L/R groups in 8.4050 seconds. Created 4294967296 pairs.
  Average of 236.1406 pairs per group.
  Computing Fx...
  Finished computing Fx in 11.3960 seconds.
Finished forward propagating table 7 in 20.27 seconds.
Progress update: 0.42
Finished Phase 1 in 304.02 seconds.
Running Phase 2
  Prunning table 6...
  Finished prunning table 6 in 0.53 seconds.
Progress update: 0.43
  Prunning table 5...
  Finished prunning table 5 in 13.80 seconds.
Progress update: 0.48
  Prunning table 4...
  Finished prunning table 4 in 13.27 seconds.
Progress update: 0.51
  Prunning table 3...
  Finished prunning table 3 in 12.92 seconds.
Progress update: 0.55
  Prunning table 2...
  Finished prunning table 2 in 12.78 seconds.
Progress update: 0.58
Finished Phase 2 in 53.70 seconds.
Running Phase 3
  Compressing tables 1 and 2...
  Finished compressing tables 1 and 2 in 33.44 seconds
Progress update: 0.66
  Table 1 now has 3429388907 / 4294967296 entries ( 79.85% ).
  Compressing tables 2 and 3...
  Finished compressing tables 2 and 3 in 35.80 seconds
Progress update: 0.73
  Table 2 now has 3439917799 / 4294967296 entries ( 80.09% ).
  Compressing tables 3 and 4...
  Finished compressing tables 3 and 4 in 35.47 seconds
Progress update: 0.79
  Table 3 now has 3466113017 / 4294967296 entries ( 80.70% ).
  Compressing tables 4 and 5...
  Finished compressing tables 4 and 5 in 36.63 seconds
Progress update: 0.85
  Table 4 now has 3532943161 / 4294967296 entries ( 82.26% ).
  Compressing tables 5 and 6...
  Finished compressing tables 5 and 6 in 38.21 seconds
Progress update: 0.92
  Table 5 now has 3713708476 / 4294967296 entries ( 86.47% ).
  Compressing tables 6 and 7...
  Finished compressing tables 6 and 7 in 37.73 seconds
Progress update: 0.98
  Table 6 now has 4294967296 / 4294967296 entries ( 100.00% ).
Finished Phase 3 in 217.30 seconds.
Running Phase 4
  Writing P7.
  Finished writing P7 in 0.59 seconds.
  Writing C1 table.
  Finished writing C1 table in 0.00 seconds.
  Writing C2 table.
  Finished writing C2 table in 0.00 seconds.
  Writing C3 table.
  Finished writing C3 table in 0.35 seconds.
Finished Phase 4 in 0.94 seconds.
Writing final plot tables to disk
/data-l/varvara/plot/plot-k32-2025-01-10-00-32-5d6f85a278a17fc5aedd88dd7b43662a82df5254e61e1733443f713341ab39c6.plot.tmp -> /data-l/varvara/plot/plot-k32-2025-01-10-00-32-5d6f85a278a17fc5aedd88dd7b43662a82df5254e61e1733443f713341ab39c6.plot
Final plot table pointers:
 Table 1:             4096 ( 0x0000000000001000 )
 Table 2:      14839485130 ( 0x00000003748092ca )
 Table 3:      28822554730 ( 0x00000006b5f5486a )
 Table 4:      42912101080 ( 0x00000009fdc2b2d8 )
 Table 5:      57273308830 ( 0x0000000d55c1569e )
 Table 6:      72369322705 ( 0x00000010d98c3ad1 )
 Table 7:      89828113105 ( 0x00000014ea2c3ad1 )
 C 1    :     107544853201 ( 0x000000190a2c3ad1 )
 C 2    :     107546571193 ( 0x000000190a4671b9 )
 C 3    :     107546571369 ( 0x000000190a467269 )

Final plot table sizes:
 Table 1: 14152.03 MiB
 Table 2: 13335.29 MiB
 Table 3: 13436.84 MiB
 Table 4: 13695.91 MiB
 Table 5: 14396.68 MiB
 Table 6: 16650.00 MiB
 Table 7: 16896.00 MiB
 C 1    : 1.64 MiB
 C 2    : 0.00 MiB
 C 3    : 1228.80 MiB

Finished writing tables to disk in 361.84 seconds.
Finished plotting in 937.80 seconds (15.63 minutes).
