
Bladebit Chia Plotter
Version      : 3.1.0
Git Commit   : e9836f8bd963321457bc86eb5d61344bfb76dcf0
Compiled With: gcc 9.4.0

[Global Plotting Config]
 Will create 1 plots.
 Thread count          : 16
 Warm start enabled    : false
 NUMA disabled         : false
 CPU affinity disabled : false
 Farmer public key     : 81f61d3cfabbe5f9b9fd6b1e078e0a4bab42f126a77b013f174644df7243f10e6266e3e7d180d48dddf1ec2c622c2a2b
 Pool public key       : b403d3c00ff9c9274e01385471b86003ea36c7ab58aad12d2a711b316edd560ee9816a532123eea2c14782889e491d7c
 Benchmark mode        : disabled

System Memory: 469/472 GiB.
Memory required: 416 GiB.
Allocating buffers.

Generating plot 1 / 1: b799de5b75e8ae634548b620186282efda86242e6acc558022d0bddf35fcf9fa
Plot temporary file: /data-l/varvara/plot/plot-k32-2025-01-09-22-10-b799de5b75e8ae634548b620186282efda86242e6acc558022d0bddf35fcf9fa.plot.tmp

Running Phase 1
Generating F1...
Finished F1 generation in 7.97 seconds.
Sorting F1...
Finished F1 sort in 30.41 seconds.
Progress update: 0.01
Forward propagating to table 2...
  Pairing L/R groups...
  Finished pairing L/R groups in 37.5990 seconds. Created 4294967296 pairs.
  Average of 236.1406 pairs per group.
  Computing Fx...
  Finished computing Fx in 47.3300 seconds.
  Sorting entries...
  Finished sorting in 82.73 seconds.
Finished forward propagating table 2 in 169.18 seconds.
Progress update: 0.06
Forward propagating to table 3...
  Pairing L/R groups...
  Finished pairing L/R groups in 33.6840 seconds. Created 4294967296 pairs.
  Average of 236.1406 pairs per group.
  Computing Fx...
  Finished computing Fx in 45.8470 seconds.
  Sorting entries...
  Finished sorting in 82.14 seconds.
Finished forward propagating table 3 in 163.16 seconds.
Progress update: 0.12
Forward propagating to table 4...
  Pairing L/R groups...
  Finished pairing L/R groups in 33.5560 seconds. Created 4294949165 pairs.
  Average of 236.1396 pairs per group.
  Computing Fx...
  Finished computing Fx in 47.6700 seconds.
  Sorting entries...
  Finished sorting in 81.33 seconds.
Finished forward propagating table 4 in 164.04 seconds.
Progress update: 0.2
Forward propagating to table 5...
  Pairing L/R groups...
  Finished pairing L/R groups in 33.6130 seconds. Created 4294959159 pairs.
  Average of 236.1402 pairs per group.
  Computing Fx...
  Finished computing Fx in 47.8820 seconds.
  Sorting entries...
  Finished sorting in 81.34 seconds.
Finished forward propagating table 5 in 164.33 seconds.
Progress update: 0.28
Forward propagating to table 6...
  Pairing L/R groups...
  Finished pairing L/R groups in 33.5710 seconds. Created 4294967296 pairs.
  Average of 236.1406 pairs per group.
  Computing Fx...
  Finished computing Fx in 46.4870 seconds.
  Sorting entries...
  Finished sorting in 78.67 seconds.
Finished forward propagating table 6 in 160.22 seconds.
Progress update: 0.36
Forward propagating to table 7...
  Pairing L/R groups...
  Finished pairing L/R groups in 33.6500 seconds. Created 4294967296 pairs.
  Average of 236.1406 pairs per group.
  Computing Fx...
  Finished computing Fx in 45.9940 seconds.
Finished forward propagating table 7 in 81.14 seconds.
Progress update: 0.42
Finished Phase 1 in 940.47 seconds.
Running Phase 2
  Prunning table 6...
  Finished prunning table 6 in 1.74 seconds.
Progress update: 0.43
  Prunning table 5...
  Finished prunning table 5 in 23.90 seconds.
Progress update: 0.48
  Prunning table 4...
  Finished prunning table 4 in 22.86 seconds.
Progress update: 0.51
  Prunning table 3...
  Finished prunning table 3 in 22.56 seconds.
Progress update: 0.55
  Prunning table 2...
  Finished prunning table 2 in 22.41 seconds.
Progress update: 0.58
Finished Phase 2 in 94.53 seconds.
Running Phase 3
  Compressing tables 1 and 2...
  Finished compressing tables 1 and 2 in 88.85 seconds
Progress update: 0.66
  Table 1 now has 3429423437 / 4294967296 entries ( 79.85% ).
  Compressing tables 2 and 3...
  Finished compressing tables 2 and 3 in 90.06 seconds
Progress update: 0.73
  Table 2 now has 3439910837 / 4294967296 entries ( 80.09% ).
  Compressing tables 3 and 4...
  Finished compressing tables 3 and 4 in 90.71 seconds
Progress update: 0.79
  Table 3 now has 3466111298 / 4294949165 entries ( 80.70% ).
  Compressing tables 4 and 5...
  Finished compressing tables 4 and 5 in 92.47 seconds
Progress update: 0.85
  Table 4 now has 3532972600 / 4294959159 entries ( 82.26% ).
  Compressing tables 5 and 6...
  Finished compressing tables 5 and 6 in 97.08 seconds
Progress update: 0.92
  Table 5 now has 3713722378 / 4294967296 entries ( 86.47% ).
  Compressing tables 6 and 7...
  Finished compressing tables 6 and 7 in 115.83 seconds
Progress update: 0.98
  Table 6 now has 4294967296 / 4294967296 entries ( 100.00% ).
Finished Phase 3 in 575.00 seconds.
Running Phase 4
  Writing P7.
  Finished writing P7 in 1.55 seconds.
  Writing C1 table.
  Finished writing C1 table in 0.00 seconds.
  Writing C2 table.
  Finished writing C2 table in 0.00 seconds.
  Writing C3 table.
  Finished writing C3 table in 1.03 seconds.
Finished Phase 4 in 2.59 seconds.
Writing final plot tables to disk
/data-l/varvara/plot/plot-k32-2025-01-09-22-10-b799de5b75e8ae634548b620186282efda86242e6acc558022d0bddf35fcf9fa.plot.tmp -> /data-l/varvara/plot/plot-k32-2025-01-09-22-10-b799de5b75e8ae634548b620186282efda86242e6acc558022d0bddf35fcf9fa.plot
Final plot table pointers:
 Table 1:             4096 ( 0x0000000000001000 )
 Table 2:      14839635784 ( 0x000000037482df48 )
 Table 3:      28822672084 ( 0x00000006b5f712d4 )
 Table 4:      42912218434 ( 0x00000009fdc47d42 )
 Table 5:      57273551059 ( 0x0000000d55c508d3 )
 Table 6:      72369623209 ( 0x00000010d990d0a9 )
 Table 7:      89828413609 ( 0x00000014ea30d0a9 )
 C 1    :     107545153705 ( 0x000000190a30d0a9 )
 C 2    :     107546871697 ( 0x000000190a4b0791 )
 C 3    :     107546871873 ( 0x000000190a4b0841 )

Final plot table sizes:
 Table 1: 14152.18 MiB
 Table 2: 13335.26 MiB
 Table 3: 13436.84 MiB
 Table 4: 13696.03 MiB
 Table 5: 14396.74 MiB
 Table 6: 16650.00 MiB
 Table 7: 16896.00 MiB
 C 1    : 1.64 MiB
 C 2    : 0.00 MiB
 C 3    : 1228.80 MiB

Finished writing tables to disk in 178.62 seconds.
Finished plotting in 1791.20 seconds (29.85 minutes).
