
Starting plotting progress into temporary dirs: /data-fast/varvara/tmp and /data-fast/varvara/tmp
ID: 73678ff8c13edd10472acc7c0c00d32e7565ba89b10eb22cf512f255bdca37d3
Plot size is: 27
Buffer size is: 1024MiB
Using 128 buckets
Final Directory is: /data-fast/varvara/plot
Using 2 threads of stripe size 1024
Process ID is: 3141177

Starting phase 1/4: Forward Propagation into tmp files... Thu Jan  9 12:45:41 2025
Computing table 1
Progress update: 0.01
F1 complete, time: 5.58 seconds. CPU (116.69%) Thu Jan  9 12:45:47 2025
Computing table 2
Progress update: 0.06
	Bucket 0 uniform sort. Ram: 0.946GiB, u_sort min: 0.031GiB, qs min: 0.008GiB.
	Bucket 1 uniform sort. Ram: 0.946GiB, u_sort min: 0.016GiB, qs min: 0.008GiB.
	Bucket 2 uniform sort. Ram: 0.946GiB, u_sort min: 0.031GiB, qs min: 0.008GiB.
	Bucket 3 uniform sort. Ram: 0.946GiB, u_sort min: 0.016GiB, qs min: 0.008GiB.
	Bucket 4 uniform sort. Ram: 0.946GiB, u_sort min: 0.016GiB, qs min: 0.008GiB.
	Bucket 5 uniform sort. Ram: 0.946GiB, u_sort min: 0.016GiB, qs min: 0.008GiB.
	Bucket 6 uniform sort. Ram: 0.946GiB, u_sort min: 0.016GiB, qs min: 0.008GiB.
	Bucket 7 uniform sort. Ram: 0.946GiB, u_sort min: 0.031GiB, qs min: 0.008GiB.
	Bucket 8 uniform sort. Ram: 0.946GiB, u_sort min: 0.031GiB, qs min: 0.008GiB.
	Bucket 9 uniform sort. Ram: 0.946GiB, u_sort min: 0.016GiB, qs min: 0.008GiB.
	Bucket 10 uniform sort. Ram: 0.946GiB, u_sort min: 0.031GiB, qs min: 0.008GiB.
	Bucket 11 uniform sort. Ram: 0.946GiB, u_sort min: 0.016GiB, qs min: 0.008GiB.
	Bucket 12 uniform sort. Ram: 0.946GiB, u_sort min: 0.016GiB, qs min: 0.008GiB.
	Bucket 13 uniform sort. Ram: 0.946GiB, u_sort min: 0.016GiB, qs min: 0.008GiB.
	Bucket 14 uniform sort. Ram: 0.946GiB, u_sort min: 0.016GiB, qs min: 0.008GiB.
	Bucket 15 uniform sort. Ram: 0.946GiB, u_sort min: 0.031GiB, qs min: 0.008GiB.
	Bucket 16 uniform sort. Ram: 0.946GiB, u_sort min: 0.016GiB, qs min: 0.008GiB.
	Bucket 17 uniform sort. Ram: 0.946GiB, u_sort min: 0.016GiB, qs min: 0.008GiB.
	Bucket 18 uniform sort. Ram: 0.946GiB, u_sort min: 0.031GiB, qs min: 0.008GiB.
	Bucket 19 uniform sort. Ram: 0.946GiB, u_sort min: 0.031GiB, qs min: 0.008GiB.
	Bucket 20 uniform sort. Ram: 0.946GiB, u_sort min: 0.016GiB, qs min: 0.008GiB.
	Bucket 21 uniform sort. Ram: 0.946GiB, u_sort min: 0.016GiB, qs min: 0.008GiB.
	Bucket 22 uniform sort. Ram: 0.946GiB, u_sort min: 0.031GiB, qs min: 0.008GiB.
	Bucket 23 uniform sort. Ram: 0.946GiB, u_sort min: 0.016GiB, qs min: 0.008GiB.
	Bucket 24 uniform sort. Ram: 0.946GiB, u_sort min: 0.031GiB, qs min: 0.008GiB.
	Bucket 25 uniform sort. Ram: 0.946GiB, u_sort min: 0.031GiB, qs min: 0.008GiB.
	Bucket 26 uniform sort. Ram: 0.946GiB, u_sort min: 0.031GiB, qs min: 0.008GiB.
	Bucket 27 uniform sort. Ram: 0.946GiB, u_sort min: 0.031GiB, qs min: 0.008GiB.
	Bucket 28 uniform sort. Ram: 0.946GiB, u_sort min: 0.031GiB, qs min: 0.008GiB.
	Bucket 29 uniform sort. Ram: 0.946GiB, u_sort min: 0.016GiB, qs min: 0.008GiB.
	Bucket 30 uniform sort. Ram: 0.946GiB, u_sort min: 0.031GiB, qs min: 0.008GiB.
	Bucket 31 uniform sort. Ram: 0.946GiB, u_sort min: 0.031GiB, qs min: 0.008GiB.
	Bucket 32 uniform sort. Ram: 0.946GiB, u_sort min: 0.016GiB, qs min: 0.008GiB.
	Bucket 33 uniform sort. Ram: 0.946GiB, u_sort min: 0.031GiB, qs min: 0.008GiB.
	Bucket 34 uniform sort. Ram: 0.946GiB, u_sort min: 0.016GiB, qs min: 0.008GiB.
	Bucket 35 uniform sort. Ram: 0.946GiB, u_sort min: 0.031GiB, qs min: 0.008GiB.
	Bucket 36 uniform sort. Ram: 0.946GiB, u_sort min: 0.016GiB, qs min: 0.008GiB.
	Bucket 37 uniform sort. Ram: 0.946GiB, u_sort min: 0.031GiB, qs min: 0.008GiB.
	Bucket 38 uniform sort. Ram: 0.946GiB, u_sort min: 0.016GiB, qs min: 0.008GiB.
	Bucket 39 uniform sort. Ram: 0.946GiB, u_sort min: 0.031GiB, qs min: 0.008GiB.
	Bucket 40 uniform sort. Ram: 0.946GiB, u_sort min: 0.031GiB, qs min: 0.008GiB.
	Bucket 41 uniform sort. Ram: 0.946GiB, u_sort min: 0.016GiB, qs min: 0.008GiB.
	Bucket 42 uniform sort. Ram: 0.946GiB, u_sort min: 0.016GiB, qs min: 0.008GiB.
	Bucket 43 uniform sort. Ram: 0.946GiB, u_sort min: 0.031GiB, qs min: 0.008GiB.
	Bucket 44 uniform sort. Ram: 0.946GiB, u_sort min: 0.016GiB, qs min: 0.008GiB.
	Bucket 45 uniform sort. Ram: 0.946GiB, u_sort min: 0.031GiB, qs min: 0.008GiB.
	Bucket 46 uniform sort. Ram: 0.946GiB, u_sort min: 0.016GiB, qs min: 0.008GiB.
	Bucket 47 uniform sort. Ram: 0.946GiB, u_sort min: 0.016GiB, qs min: 0.008GiB.
	Bucket 48 uniform sort. Ram: 0.946GiB, u_sort min: 0.016GiB, qs min: 0.008GiB.
	Bucket 49 uniform sort. Ram: 0.946GiB, u_sort min: 0.016GiB, qs min: 0.008GiB.
	Bucket 50 uniform sort. Ram: 0.946GiB, u_sort min: 0.031GiB, qs min: 0.008GiB.
	Bucket 51 uniform sort. Ram: 0.946GiB, u_sort min: 0.016GiB, qs min: 0.008GiB.
	Bucket 52 uniform sort. Ram: 0.946GiB, u_sort min: 0.016GiB, qs min: 0.008GiB.
	Bucket 53 uniform sort. Ram: 0.946GiB, u_sort min: 0.016GiB, qs min: 0.008GiB.
	Bucket 54 uniform sort. Ram: 0.946GiB, u_sort min: 0.031GiB, qs min: 0.008GiB.
	Bucket 55 uniform sort. Ram: 0.946GiB, u_sort min: 0.016GiB, qs min: 0.008GiB.
	Bucket 56 uniform sort. Ram: 0.946GiB, u_sort min: 0.031GiB, qs min: 0.008GiB.
	Bucket 57 uniform sort. Ram: 0.946GiB, u_sort min: 0.016GiB, qs min: 0.008GiB.
	Bucket 58 uniform sort. Ram: 0.946GiB, u_sort min: 0.016GiB, qs min: 0.008GiB.
	Bucket 59 uniform sort. Ram: 0.946GiB, u_sort min: 0.031GiB, qs min: 0.008GiB.
	Bucket 60 uniform sort. Ram: 0.946GiB, u_sort min: 0.016GiB, qs min: 0.008GiB.
	Bucket 61 uniform sort. Ram: 0.946GiB, u_sort min: 0.031GiB, qs min: 0.008GiB.
	Bucket 62 uniform sort. Ram: 0.946GiB, u_sort min: 0.016GiB, qs min: 0.008GiB.
	Bucket 63 uniform sort. Ram: 0.946GiB, u_sort min: 0.031GiB, qs min: 0.008GiB.
	Bucket 64 uniform sort. Ram: 0.946GiB, u_sort min: 0.031GiB, qs min: 0.008GiB.
	Bucket 65 uniform sort. Ram: 0.946GiB, u_sort min: 0.031GiB, qs min: 0.008GiB.
	Bucket 66 uniform sort. Ram: 0.946GiB, u_sort min: 0.016GiB, qs min: 0.008GiB.
	Bucket 67 uniform sort. Ram: 0.946GiB, u_sort min: 0.031GiB, qs min: 0.008GiB.
	Bucket 68 uniform sort. Ram: 0.946GiB, u_sort min: 0.031GiB, qs min: 0.008GiB.
	Bucket 69 uniform sort. Ram: 0.946GiB, u_sort min: 0.031GiB, qs min: 0.008GiB.
	Bucket 70 uniform sort. Ram: 0.946GiB, u_sort min: 0.016GiB, qs min: 0.008GiB.
	Bucket 71 uniform sort. Ram: 0.946GiB, u_sort min: 0.031GiB, qs min: 0.008GiB.
	Bucket 72 uniform sort. Ram: 0.946GiB, u_sort min: 0.031GiB, qs min: 0.008GiB.
	Bucket 73 uniform sort. Ram: 0.946GiB, u_sort min: 0.016GiB, qs min: 0.008GiB.
	Bucket 74 uniform sort. Ram: 0.946GiB, u_sort min: 0.016GiB, qs min: 0.008GiB.
	Bucket 75 uniform sort. Ram: 0.946GiB, u_sort min: 0.016GiB, qs min: 0.008GiB.
	Bucket 76 uniform sort. Ram: 0.946GiB, u_sort min: 0.031GiB, qs min: 0.008GiB.
	Bucket 77 uniform sort. Ram: 0.946GiB, u_sort min: 0.031GiB, qs min: 0.008GiB.
	Bucket 78 uniform sort. Ram: 0.946GiB, u_sort min: 0.016GiB, qs min: 0.008GiB.
	Bucket 79 uniform sort. Ram: 0.946GiB, u_sort min: 0.031GiB, qs min: 0.008GiB.
	Bucket 80 uniform sort. Ram: 0.946GiB, u_sort min: 0.031GiB, qs min: 0.008GiB.
	Bucket 81 uniform sort. Ram: 0.946GiB, u_sort min: 0.016GiB, qs min: 0.008GiB.
	Bucket 82 uniform sort. Ram: 0.946GiB, u_sort min: 0.031GiB, qs min: 0.008GiB.
	Bucket 83 uniform sort. Ram: 0.946GiB, u_sort min: 0.031GiB, qs min: 0.008GiB.
	Bucket 84 uniform sort. Ram: 0.946GiB, u_sort min: 0.031GiB, qs min: 0.008GiB.
	Bucket 85 uniform sort. Ram: 0.946GiB, u_sort min: 0.016GiB, qs min: 0.008GiB.
	Bucket 86 uniform sort. Ram: 0.946GiB, u_sort min: 0.031GiB, qs min: 0.008GiB.
	Bucket 87 uniform sort. Ram: 0.946GiB, u_sort min: 0.031GiB, qs min: 0.008GiB.
	Bucket 88 uniform sort. Ram: 0.946GiB, u_sort min: 0.031GiB, qs min: 0.008GiB.
	Bucket 89 uniform sort. Ram: 0.946GiB, u_sort min: 0.031GiB, qs min: 0.008GiB.
	Bucket 90 uniform sort. Ram: 0.946GiB, u_sort min: 0.016GiB, qs min: 0.008GiB.
	Bucket 91 uniform sort. Ram: 0.946GiB, u_sort min: 0.016GiB, qs min: 0.008GiB.
	Bucket 92 uniform sort. Ram: 0.946GiB, u_sort min: 0.016GiB, qs min: 0.008GiB.
	Bucket 93 uniform sort. Ram: 0.946GiB, u_sort min: 0.016GiB, qs min: 0.008GiB.
	Bucket 94 uniform sort. Ram: 0.946GiB, u_sort min: 0.031GiB, qs min: 0.008GiB.
	Bucket 95 uniform sort. Ram: 0.946GiB, u_sort min: 0.031GiB, qs min: 0.008GiB.
	Bucket 96 uniform sort. Ram: 0.946GiB, u_sort min: 0.031GiB, qs min: 0.008GiB.
	Bucket 97 uniform sort. Ram: 0.946GiB, u_sort min: 0.031GiB, qs min: 0.008GiB.
	Bucket 98 uniform sort. Ram: 0.946GiB, u_sort min: 0.031GiB, qs min: 0.008GiB.
	Bucket 99 uniform sort. Ram: 0.946GiB, u_sort min: 0.016GiB, qs min: 0.008GiB.
	Bucket 100 uniform sort. Ram: 0.946GiB, u_sort min: 0.031GiB, qs min: 0.008GiB.
	Bucket 101 uniform sort. Ram: 0.946GiB, u_sort min: 0.031GiB, qs min: 0.008GiB.
	Bucket 102 uniform sort. Ram: 0.946GiB, u_sort min: 0.016GiB, qs min: 0.008GiB.
	Bucket 103 uniform sort. Ram: 0.946GiB, u_sort min: 0.016GiB, qs min: 0.008GiB.
	Bucket 104 uniform sort. Ram: 0.946GiB, u_sort min: 0.016GiB, qs min: 0.008GiB.
	Bucket 105 uniform sort. Ram: 0.946GiB, u_sort min: 0.031GiB, qs min: 0.008GiB.
	Bucket 106 uniform sort. Ram: 0.946GiB, u_sort min: 0.031GiB, qs min: 0.008GiB.
	Bucket 107 uniform sort. Ram: 0.946GiB, u_sort min: 0.031GiB, qs min: 0.008GiB.
	Bucket 108 uniform sort. Ram: 0.946GiB, u_sort min: 0.031GiB, qs min: 0.008GiB.
	Bucket 109 uniform sort. Ram: 0.946GiB, u_sort min: 0.016GiB, qs min: 0.008GiB.
	Bucket 110 uniform sort. Ram: 0.946GiB, u_sort min: 0.031GiB, qs min: 0.008GiB.
	Bucket 111 uniform sort. Ram: 0.946GiB, u_sort min: 0.031GiB, qs min: 0.008GiB.
	Bucket 112 uniform sort. Ram: 0.946GiB, u_sort min: 0.016GiB, qs min: 0.008GiB.
	Bucket 113 uniform sort. Ram: 0.946GiB, u_sort min: 0.031GiB, qs min: 0.008GiB.
	Bucket 114 uniform sort. Ram: 0.946GiB, u_sort min: 0.016GiB, qs min: 0.008GiB.
	Bucket 115 uniform sort. Ram: 0.946GiB, u_sort min: 0.016GiB, qs min: 0.008GiB.
	Bucket 116 uniform sort. Ram: 0.946GiB, u_sort min: 0.031GiB, qs min: 0.008GiB.
	Bucket 117 uniform sort. Ram: 0.946GiB, u_sort min: 0.031GiB, qs min: 0.008GiB.
	Bucket 118 uniform sort. Ram: 0.946GiB, u_sort min: 0.016GiB, qs min: 0.008GiB.
	Bucket 119 uniform sort. Ram: 0.946GiB, u_sort min: 0.031GiB, qs min: 0.008GiB.
	Bucket 120 uniform sort. Ram: 0.946GiB, u_sort min: 0.016GiB, qs min: 0.008GiB.
	Bucket 121 uniform sort. Ram: 0.946GiB, u_sort min: 0.016GiB, qs min: 0.008GiB.
	Bucket 122 uniform sort. Ram: 0.946GiB, u_sort min: 0.016GiB, qs min: 0.008GiB.
	Bucket 123 uniform sort. Ram: 0.946GiB, u_sort min: 0.031GiB, qs min: 0.008GiB.
	Bucket 124 uniform sort. Ram: 0.946GiB, u_sort min: 0.016GiB, qs min: 0.008GiB.
	Bucket 125 uniform sort. Ram: 0.946GiB, u_sort min: 0.031GiB, qs min: 0.008GiB.
	Bucket 126 uniform sort. Ram: 0.946GiB, u_sort min: 0.031GiB, qs min: 0.008GiB.
	Bucket 127 uniform sort. Ram: 0.946GiB, u_sort min: 0.016GiB, qs min: 0.008GiB.
	Total matches: 134198565
Caught plotting error: Matches do not match with number of write entries 134198565 134197185
Traceback (most recent call last):
  File "/data-fast/varvara/chia-blockchain/.venv/bin/chia", line 6, in <module>
    sys.exit(main())
  File "/data-fast/varvara/chia-blockchain/chia/cmds/chia.py", line 139, in main
    cli()  # pylint: disable=no-value-for-parameter
  File "/data-fast/varvara/chia-blockchain/.venv/lib/python3.10/site-packages/click/core.py", line 1157, in __call__
    return self.main(*args, **kwargs)
  File "/data-fast/varvara/chia-blockchain/.venv/lib/python3.10/site-packages/click/core.py", line 1078, in main
    rv = self.invoke(ctx)
  File "/data-fast/varvara/chia-blockchain/.venv/lib/python3.10/site-packages/click/core.py", line 1688, in invoke
    return _process_result(sub_ctx.command.invoke(sub_ctx))
  File "/data-fast/varvara/chia-blockchain/.venv/lib/python3.10/site-packages/click/core.py", line 1434, in invoke
    return ctx.invoke(self.callback, **ctx.params)
  File "/data-fast/varvara/chia-blockchain/.venv/lib/python3.10/site-packages/click/core.py", line 783, in invoke
    return __callback(*args, **kwargs)
  File "/data-fast/varvara/chia-blockchain/.venv/lib/python3.10/site-packages/click/decorators.py", line 33, in new_func
    return f(get_current_context(), *args, **kwargs)
  File "/data-fast/varvara/chia-blockchain/chia/cmds/plotters.py", line 17, in plotters_cmd
    call_plotters(ctx.obj["root_path"], args)
  File "/data-fast/varvara/chia-blockchain/chia/plotters/plotters.py", line 541, in call_plotters
    plot_chia(args, chia_root_path)
  File "/data-fast/varvara/chia-blockchain/chia/plotters/chiapos.py", line 58, in plot_chia
    asyncio.run(create_plots(params, plot_keys))
  File "/usr/lib/python3.10/asyncio/runners.py", line 44, in run
    return loop.run_until_complete(main)
  File "/usr/lib/python3.10/asyncio/base_events.py", line 649, in run_until_complete
    return future.result()
  File "/data-fast/varvara/chia-blockchain/chia/plotting/create_plots.py", line 241, in create_plots
    plotter.create_plot_disk(
RuntimeError: std::exception
