2025-01-22T01:54:04.014 2.5.0  chia.plotting.check_plots        : [32mINFO    [0m Loading plots in config.yaml using plot_manager loading code (parallel read: True)
[0m
2025-01-22T01:54:04.213 2.5.0  chia.plotting.cache              : [32mINFO    [0m Loaded 2074 bytes of cached data[0m
2025-01-22T01:54:04.214 2.5.0  chia.plotting.cache              : [32mINFO    [0m Parsed 2 cache entries in 0.00s[0m
2025-01-22T01:54:04.298 2.5.0  chia.plotting.check_plots        : [32mINFO    [0m event: started, loaded 0 plots, 2 remaining[0m
2025-01-22T01:54:04.298 2.5.0  chia.plotting.manager            : [32mINFO    [0m Only loading plots that contain "/data-l/varvara/plot/plot-k32-2025-01-11-16-49-8e63626753f324f828751cbed8552437762f0c168f85a08ead7f209e500f624a.plot" in the file or directory name[0m
2025-01-22T01:54:04.299 2.5.0  chia.plotting.check_plots        : [32mINFO    [0m event: batch_processed, loaded 1 plots, 0 remaining[0m
2025-01-22T01:54:04.299 2.5.0  chia.plotting.check_plots        : [32mINFO    [0m event: done, loaded 1 plots, 0 remaining[0m
2025-01-22T01:54:05.300 2.5.0  chia.plotting.check_plots        : [32mINFO    [0m [0m
2025-01-22T01:54:05.300 2.5.0  chia.plotting.check_plots        : [32mINFO    [0m [0m
2025-01-22T01:54:05.300 2.5.0  chia.plotting.check_plots        : [32mINFO    [0m Starting to test each plot with 100 challenges each
[0m
2025-01-22T01:54:05.301 2.5.0  chia.plotting.check_plots        : [32mINFO    [0m Testing plot /data-l/varvara/plot/plot-k32-2025-01-11-16-49-8e63626753f324f828751cbed8552437762f0c168f85a08ead7f209e500f624a.plot k=32[0m
2025-01-22T01:54:05.302 2.5.0  chia.plotting.check_plots        : [32mINFO    [0m 	Pool public key:        b403d3c00ff9c9274e01385471b86003ea36c7ab58aad12d2a711b316edd560ee9816a532123eea2c14782889e491d7c[0m
2025-01-22T01:54:05.302 2.5.0  chia.plotting.check_plots        : [32mINFO    [0m 	Farmer public key:      81f61d3cfabbe5f9b9fd6b1e078e0a4bab42f126a77b013f174644df7243f10e6266e3e7d180d48dddf1ec2c622c2a2b[0m
2025-01-22T01:54:05.302 2.5.0  chia.plotting.check_plots        : [32mINFO    [0m 	Local sk:               31a62480d2e5cefe6a7961890170053e96287bbb12a5b737d275cfd7ab7d299f[0m
2025-01-22T01:54:05.360 2.5.0  chia.plotting.check_plots        : [32mINFO    [0m 	Looking up qualities took: 59 ms. Filepath: /data-l/varvara/plot/plot-k32-2025-01-11-16-49-8e63626753f324f828751cbed8552437762f0c168f85a08ead7f209e500f624a.plot[0m
2025-01-22T01:54:05.374 2.5.0  chia.plotting.check_plots        : [32mINFO    [0m 	Finding proof took: 13 ms. Filepath: /data-l/varvara/plot/plot-k32-2025-01-11-16-49-8e63626753f324f828751cbed8552437762f0c168f85a08ead7f209e500f624a.plot[0m
2025-01-22T01:54:05.374 2.5.0  chia.plotting.check_plots        : [32mINFO    [0m 	Looking up qualities took: 0 ms. Filepath: /data-l/varvara/plot/plot-k32-2025-01-11-16-49-8e63626753f324f828751cbed8552437762f0c168f85a08ead7f209e500f624a.plot[0m
2025-01-22T01:54:05.382 2.5.0  chia.plotting.check_plots        : [32mINFO    [0m 	Finding proof took: 7 ms. Filepath: /data-l/varvara/plot/plot-k32-2025-01-11-16-49-8e63626753f324f828751cbed8552437762f0c168f85a08ead7f209e500f624a.plot[0m
2025-01-22T01:54:05.389 2.5.0  chia.plotting.check_plots        : [32mINFO    [0m 	Looking up qualities took: 3 ms. Filepath: /data-l/varvara/plot/plot-k32-2025-01-11-16-49-8e63626753f324f828751cbed8552437762f0c168f85a08ead7f209e500f624a.plot[0m
2025-01-22T01:54:05.398 2.5.0  chia.plotting.check_plots        : [32mINFO    [0m 	Finding proof took: 9 ms. Filepath: /data-l/varvara/plot/plot-k32-2025-01-11-16-49-8e63626753f324f828751cbed8552437762f0c168f85a08ead7f209e500f624a.plot[0m
2025-01-22T01:54:05.398 2.5.0  chia.plotting.check_plots        : [32mINFO    [0m 	Looking up qualities took: 0 ms. Filepath: /data-l/varvara/plot/plot-k32-2025-01-11-16-49-8e63626753f324f828751cbed8552437762f0c168f85a08ead7f209e500f624a.plot[0m
2025-01-22T01:54:05.407 2.5.0  chia.plotting.check_plots        : [32mINFO    [0m 	Finding proof took: 9 ms. Filepath: /data-l/varvara/plot/plot-k32-2025-01-11-16-49-8e63626753f324f828751cbed8552437762f0c168f85a08ead7f209e500f624a.plot[0m
2025-01-22T01:54:05.408 2.5.0  chia.plotting.check_plots        : [32mINFO    [0m 	Looking up qualities took: 0 ms. Filepath: /data-l/varvara/plot/plot-k32-2025-01-11-16-49-8e63626753f324f828751cbed8552437762f0c168f85a08ead7f209e500f624a.plot[0m
2025-01-22T01:54:05.416 2.5.0  chia.plotting.check_plots        : [32mINFO    [0m 	Finding proof took: 9 ms. Filepath: /data-l/varvara/plot/plot-k32-2025-01-11-16-49-8e63626753f324f828751cbed8552437762f0c168f85a08ead7f209e500f624a.plot[0m
2025-01-22T01:54:05.419 2.5.0  chia.plotting.check_plots        : [32mINFO    [0m 	Looking up qualities took: 3 ms. Filepath: /data-l/varvara/plot/plot-k32-2025-01-11-16-49-8e63626753f324f828751cbed8552437762f0c168f85a08ead7f209e500f624a.plot[0m
2025-01-22T01:54:05.427 2.5.0  chia.plotting.check_plots        : [32mINFO    [0m 	Finding proof took: 7 ms. Filepath: /data-l/varvara/plot/plot-k32-2025-01-11-16-49-8e63626753f324f828751cbed8552437762f0c168f85a08ead7f209e500f624a.plot[0m
2025-01-22T01:54:05.427 2.5.0  chia.plotting.check_plots        : [32mINFO    [0m 	Looking up qualities took: 0 ms. Filepath: /data-l/varvara/plot/plot-k32-2025-01-11-16-49-8e63626753f324f828751cbed8552437762f0c168f85a08ead7f209e500f624a.plot[0m
2025-01-22T01:54:05.435 2.5.0  chia.plotting.check_plots        : [32mINFO    [0m 	Finding proof took: 7 ms. Filepath: /data-l/varvara/plot/plot-k32-2025-01-11-16-49-8e63626753f324f828751cbed8552437762f0c168f85a08ead7f209e500f624a.plot[0m
2025-01-22T01:54:05.438 2.5.0  chia.plotting.check_plots        : [32mINFO    [0m 	Looking up qualities took: 2 ms. Filepath: /data-l/varvara/plot/plot-k32-2025-01-11-16-49-8e63626753f324f828751cbed8552437762f0c168f85a08ead7f209e500f624a.plot[0m
2025-01-22T01:54:05.445 2.5.0  chia.plotting.check_plots        : [32mINFO    [0m 	Finding proof took: 7 ms. Filepath: /data-l/varvara/plot/plot-k32-2025-01-11-16-49-8e63626753f324f828751cbed8552437762f0c168f85a08ead7f209e500f624a.plot[0m
2025-01-22T01:54:05.447 2.5.0  chia.plotting.check_plots        : [32mINFO    [0m 	Looking up qualities took: 1 ms. Filepath: /data-l/varvara/plot/plot-k32-2025-01-11-16-49-8e63626753f324f828751cbed8552437762f0c168f85a08ead7f209e500f624a.plot[0m
2025-01-22T01:54:05.453 2.5.0  chia.plotting.check_plots        : [32mINFO    [0m 	Finding proof took: 6 ms. Filepath: /data-l/varvara/plot/plot-k32-2025-01-11-16-49-8e63626753f324f828751cbed8552437762f0c168f85a08ead7f209e500f624a.plot[0m
2025-01-22T01:54:05.462 2.5.0  chia.plotting.check_plots        : [32mINFO    [0m 	Looking up qualities took: 5 ms. Filepath: /data-l/varvara/plot/plot-k32-2025-01-11-16-49-8e63626753f324f828751cbed8552437762f0c168f85a08ead7f209e500f624a.plot[0m
2025-01-22T01:54:05.472 2.5.0  chia.plotting.check_plots        : [32mINFO    [0m 	Finding proof took: 10 ms. Filepath: /data-l/varvara/plot/plot-k32-2025-01-11-16-49-8e63626753f324f828751cbed8552437762f0c168f85a08ead7f209e500f624a.plot[0m
2025-01-22T01:54:05.472 2.5.0  chia.plotting.check_plots        : [32mINFO    [0m 	Looking up qualities took: 0 ms. Filepath: /data-l/varvara/plot/plot-k32-2025-01-11-16-49-8e63626753f324f828751cbed8552437762f0c168f85a08ead7f209e500f624a.plot[0m
2025-01-22T01:54:05.482 2.5.0  chia.plotting.check_plots        : [32mINFO    [0m 	Finding proof took: 9 ms. Filepath: /data-l/varvara/plot/plot-k32-2025-01-11-16-49-8e63626753f324f828751cbed8552437762f0c168f85a08ead7f209e500f624a.plot[0m
2025-01-22T01:54:05.486 2.5.0  chia.plotting.check_plots        : [32mINFO    [0m 	Looking up qualities took: 4 ms. Filepath: /data-l/varvara/plot/plot-k32-2025-01-11-16-49-8e63626753f324f828751cbed8552437762f0c168f85a08ead7f209e500f624a.plot[0m
2025-01-22T01:54:05.496 2.5.0  chia.plotting.check_plots        : [32mINFO    [0m 	Finding proof took: 10 ms. Filepath: /data-l/varvara/plot/plot-k32-2025-01-11-16-49-8e63626753f324f828751cbed8552437762f0c168f85a08ead7f209e500f624a.plot[0m
2025-01-22T01:54:05.496 2.5.0  chia.plotting.check_plots        : [32mINFO    [0m 	Looking up qualities took: 0 ms. Filepath: /data-l/varvara/plot/plot-k32-2025-01-11-16-49-8e63626753f324f828751cbed8552437762f0c168f85a08ead7f209e500f624a.plot[0m
2025-01-22T01:54:05.506 2.5.0  chia.plotting.check_plots        : [32mINFO    [0m 	Finding proof took: 10 ms. Filepath: /data-l/varvara/plot/plot-k32-2025-01-11-16-49-8e63626753f324f828751cbed8552437762f0c168f85a08ead7f209e500f624a.plot[0m
2025-01-22T01:54:05.508 2.5.0  chia.plotting.check_plots        : [32mINFO    [0m 	Looking up qualities took: 2 ms. Filepath: /data-l/varvara/plot/plot-k32-2025-01-11-16-49-8e63626753f324f828751cbed8552437762f0c168f85a08ead7f209e500f624a.plot[0m
2025-01-22T01:54:05.515 2.5.0  chia.plotting.check_plots        : [32mINFO    [0m 	Finding proof took: 6 ms. Filepath: /data-l/varvara/plot/plot-k32-2025-01-11-16-49-8e63626753f324f828751cbed8552437762f0c168f85a08ead7f209e500f624a.plot[0m
2025-01-22T01:54:05.515 2.5.0  chia.plotting.check_plots        : [32mINFO    [0m 	Looking up qualities took: 0 ms. Filepath: /data-l/varvara/plot/plot-k32-2025-01-11-16-49-8e63626753f324f828751cbed8552437762f0c168f85a08ead7f209e500f624a.plot[0m
2025-01-22T01:54:05.522 2.5.0  chia.plotting.check_plots        : [32mINFO    [0m 	Finding proof took: 6 ms. Filepath: /data-l/varvara/plot/plot-k32-2025-01-11-16-49-8e63626753f324f828751cbed8552437762f0c168f85a08ead7f209e500f624a.plot[0m
2025-01-22T01:54:05.524 2.5.0  chia.plotting.check_plots        : [32mINFO    [0m 	Looking up qualities took: 1 ms. Filepath: /data-l/varvara/plot/plot-k32-2025-01-11-16-49-8e63626753f324f828751cbed8552437762f0c168f85a08ead7f209e500f624a.plot[0m
2025-01-22T01:54:05.530 2.5.0  chia.plotting.check_plots        : [32mINFO    [0m 	Finding proof took: 7 ms. Filepath: /data-l/varvara/plot/plot-k32-2025-01-11-16-49-8e63626753f324f828751cbed8552437762f0c168f85a08ead7f209e500f624a.plot[0m
2025-01-22T01:54:05.530 2.5.0  chia.plotting.check_plots        : [32mINFO    [0m 	Looking up qualities took: 0 ms. Filepath: /data-l/varvara/plot/plot-k32-2025-01-11-16-49-8e63626753f324f828751cbed8552437762f0c168f85a08ead7f209e500f624a.plot[0m
2025-01-22T01:54:05.536 2.5.0  chia.plotting.check_plots        : [32mINFO    [0m 	Finding proof took: 6 ms. Filepath: /data-l/varvara/plot/plot-k32-2025-01-11-16-49-8e63626753f324f828751cbed8552437762f0c168f85a08ead7f209e500f624a.plot[0m
2025-01-22T01:54:05.547 2.5.0  chia.plotting.check_plots        : [32mINFO    [0m 	Looking up qualities took: 6 ms. Filepath: /data-l/varvara/plot/plot-k32-2025-01-11-16-49-8e63626753f324f828751cbed8552437762f0c168f85a08ead7f209e500f624a.plot[0m
2025-01-22T01:54:05.558 2.5.0  chia.plotting.check_plots        : [32mINFO    [0m 	Finding proof took: 11 ms. Filepath: /data-l/varvara/plot/plot-k32-2025-01-11-16-49-8e63626753f324f828751cbed8552437762f0c168f85a08ead7f209e500f624a.plot[0m
2025-01-22T01:54:05.567 2.5.0  chia.plotting.check_plots        : [32mINFO    [0m 	Looking up qualities took: 1 ms. Filepath: /data-l/varvara/plot/plot-k32-2025-01-11-16-49-8e63626753f324f828751cbed8552437762f0c168f85a08ead7f209e500f624a.plot[0m
2025-01-22T01:54:05.573 2.5.0  chia.plotting.check_plots        : [32mINFO    [0m 	Finding proof took: 7 ms. Filepath: /data-l/varvara/plot/plot-k32-2025-01-11-16-49-8e63626753f324f828751cbed8552437762f0c168f85a08ead7f209e500f624a.plot[0m
2025-01-22T01:54:05.577 2.5.0  chia.plotting.check_plots        : [32mINFO    [0m 	Looking up qualities took: 3 ms. Filepath: /data-l/varvara/plot/plot-k32-2025-01-11-16-49-8e63626753f324f828751cbed8552437762f0c168f85a08ead7f209e500f624a.plot[0m
2025-01-22T01:54:05.585 2.5.0  chia.plotting.check_plots        : [32mINFO    [0m 	Finding proof took: 9 ms. Filepath: /data-l/varvara/plot/plot-k32-2025-01-11-16-49-8e63626753f324f828751cbed8552437762f0c168f85a08ead7f209e500f624a.plot[0m
2025-01-22T01:54:05.595 2.5.0  chia.plotting.check_plots        : [32mINFO    [0m 	Looking up qualities took: 3 ms. Filepath: /data-l/varvara/plot/plot-k32-2025-01-11-16-49-8e63626753f324f828751cbed8552437762f0c168f85a08ead7f209e500f624a.plot[0m
2025-01-22T01:54:05.608 2.5.0  chia.plotting.check_plots        : [32mINFO    [0m 	Finding proof took: 12 ms. Filepath: /data-l/varvara/plot/plot-k32-2025-01-11-16-49-8e63626753f324f828751cbed8552437762f0c168f85a08ead7f209e500f624a.plot[0m
2025-01-22T01:54:05.608 2.5.0  chia.plotting.check_plots        : [32mINFO    [0m 	Looking up qualities took: 0 ms. Filepath: /data-l/varvara/plot/plot-k32-2025-01-11-16-49-8e63626753f324f828751cbed8552437762f0c168f85a08ead7f209e500f624a.plot[0m
2025-01-22T01:54:05.617 2.5.0  chia.plotting.check_plots        : [32mINFO    [0m 	Finding proof took: 9 ms. Filepath: /data-l/varvara/plot/plot-k32-2025-01-11-16-49-8e63626753f324f828751cbed8552437762f0c168f85a08ead7f209e500f624a.plot[0m
2025-01-22T01:54:05.619 2.5.0  chia.plotting.check_plots        : [32mINFO    [0m 	Looking up qualities took: 1 ms. Filepath: /data-l/varvara/plot/plot-k32-2025-01-11-16-49-8e63626753f324f828751cbed8552437762f0c168f85a08ead7f209e500f624a.plot[0m
2025-01-22T01:54:05.626 2.5.0  chia.plotting.check_plots        : [32mINFO    [0m 	Finding proof took: 7 ms. Filepath: /data-l/varvara/plot/plot-k32-2025-01-11-16-49-8e63626753f324f828751cbed8552437762f0c168f85a08ead7f209e500f624a.plot[0m
2025-01-22T01:54:05.632 2.5.0  chia.plotting.check_plots        : [32mINFO    [0m 	Looking up qualities took: 5 ms. Filepath: /data-l/varvara/plot/plot-k32-2025-01-11-16-49-8e63626753f324f828751cbed8552437762f0c168f85a08ead7f209e500f624a.plot[0m
2025-01-22T01:54:05.642 2.5.0  chia.plotting.check_plots        : [32mINFO    [0m 	Finding proof took: 10 ms. Filepath: /data-l/varvara/plot/plot-k32-2025-01-11-16-49-8e63626753f324f828751cbed8552437762f0c168f85a08ead7f209e500f624a.plot[0m
2025-01-22T01:54:05.642 2.5.0  chia.plotting.check_plots        : [32mINFO    [0m 	Looking up qualities took: 0 ms. Filepath: /data-l/varvara/plot/plot-k32-2025-01-11-16-49-8e63626753f324f828751cbed8552437762f0c168f85a08ead7f209e500f624a.plot[0m
2025-01-22T01:54:05.652 2.5.0  chia.plotting.check_plots        : [32mINFO    [0m 	Finding proof took: 9 ms. Filepath: /data-l/varvara/plot/plot-k32-2025-01-11-16-49-8e63626753f324f828751cbed8552437762f0c168f85a08ead7f209e500f624a.plot[0m
2025-01-22T01:54:05.656 2.5.0  chia.plotting.check_plots        : [32mINFO    [0m 	Looking up qualities took: 4 ms. Filepath: /data-l/varvara/plot/plot-k32-2025-01-11-16-49-8e63626753f324f828751cbed8552437762f0c168f85a08ead7f209e500f624a.plot[0m
2025-01-22T01:54:05.666 2.5.0  chia.plotting.check_plots        : [32mINFO    [0m 	Finding proof took: 9 ms. Filepath: /data-l/varvara/plot/plot-k32-2025-01-11-16-49-8e63626753f324f828751cbed8552437762f0c168f85a08ead7f209e500f624a.plot[0m
2025-01-22T01:54:05.666 2.5.0  chia.plotting.check_plots        : [32mINFO    [0m 	Looking up qualities took: 0 ms. Filepath: /data-l/varvara/plot/plot-k32-2025-01-11-16-49-8e63626753f324f828751cbed8552437762f0c168f85a08ead7f209e500f624a.plot[0m
2025-01-22T01:54:05.676 2.5.0  chia.plotting.check_plots        : [32mINFO    [0m 	Finding proof took: 9 ms. Filepath: /data-l/varvara/plot/plot-k32-2025-01-11-16-49-8e63626753f324f828751cbed8552437762f0c168f85a08ead7f209e500f624a.plot[0m
2025-01-22T01:54:05.679 2.5.0  chia.plotting.check_plots        : [32mINFO    [0m 	Looking up qualities took: 2 ms. Filepath: /data-l/varvara/plot/plot-k32-2025-01-11-16-49-8e63626753f324f828751cbed8552437762f0c168f85a08ead7f209e500f624a.plot[0m
2025-01-22T01:54:05.686 2.5.0  chia.plotting.check_plots        : [32mINFO    [0m 	Finding proof took: 7 ms. Filepath: /data-l/varvara/plot/plot-k32-2025-01-11-16-49-8e63626753f324f828751cbed8552437762f0c168f85a08ead7f209e500f624a.plot[0m
2025-01-22T01:54:05.689 2.5.0  chia.plotting.check_plots        : [32mINFO    [0m 	Looking up qualities took: 1 ms. Filepath: /data-l/varvara/plot/plot-k32-2025-01-11-16-49-8e63626753f324f828751cbed8552437762f0c168f85a08ead7f209e500f624a.plot[0m
2025-01-22T01:54:05.696 2.5.0  chia.plotting.check_plots        : [32mINFO    [0m 	Finding proof took: 7 ms. Filepath: /data-l/varvara/plot/plot-k32-2025-01-11-16-49-8e63626753f324f828751cbed8552437762f0c168f85a08ead7f209e500f624a.plot[0m
2025-01-22T01:54:05.697 2.5.0  chia.plotting.check_plots        : [32mINFO    [0m 	Looking up qualities took: 1 ms. Filepath: /data-l/varvara/plot/plot-k32-2025-01-11-16-49-8e63626753f324f828751cbed8552437762f0c168f85a08ead7f209e500f624a.plot[0m
2025-01-22T01:54:05.702 2.5.0  chia.plotting.check_plots        : [32mINFO    [0m 	Finding proof took: 5 ms. Filepath: /data-l/varvara/plot/plot-k32-2025-01-11-16-49-8e63626753f324f828751cbed8552437762f0c168f85a08ead7f209e500f624a.plot[0m
2025-01-22T01:54:05.702 2.5.0  chia.plotting.check_plots        : [32mINFO    [0m 	Looking up qualities took: 0 ms. Filepath: /data-l/varvara/plot/plot-k32-2025-01-11-16-49-8e63626753f324f828751cbed8552437762f0c168f85a08ead7f209e500f624a.plot[0m
2025-01-22T01:54:05.707 2.5.0  chia.plotting.check_plots        : [32mINFO    [0m 	Finding proof took: 5 ms. Filepath: /data-l/varvara/plot/plot-k32-2025-01-11-16-49-8e63626753f324f828751cbed8552437762f0c168f85a08ead7f209e500f624a.plot[0m
2025-01-22T01:54:05.715 2.5.0  chia.plotting.check_plots        : [32mINFO    [0m 	Looking up qualities took: 1 ms. Filepath: /data-l/varvara/plot/plot-k32-2025-01-11-16-49-8e63626753f324f828751cbed8552437762f0c168f85a08ead7f209e500f624a.plot[0m
2025-01-22T01:54:05.721 2.5.0  chia.plotting.check_plots        : [32mINFO    [0m 	Finding proof took: 6 ms. Filepath: /data-l/varvara/plot/plot-k32-2025-01-11-16-49-8e63626753f324f828751cbed8552437762f0c168f85a08ead7f209e500f624a.plot[0m
2025-01-22T01:54:05.727 2.5.0  chia.plotting.check_plots        : [32mINFO    [0m 	Looking up qualities took: 5 ms. Filepath: /data-l/varvara/plot/plot-k32-2025-01-11-16-49-8e63626753f324f828751cbed8552437762f0c168f85a08ead7f209e500f624a.plot[0m
2025-01-22T01:54:05.737 2.5.0  chia.plotting.check_plots        : [32mINFO    [0m 	Finding proof took: 10 ms. Filepath: /data-l/varvara/plot/plot-k32-2025-01-11-16-49-8e63626753f324f828751cbed8552437762f0c168f85a08ead7f209e500f624a.plot[0m
2025-01-22T01:54:05.738 2.5.0  chia.plotting.check_plots        : [32mINFO    [0m 	Looking up qualities took: 0 ms. Filepath: /data-l/varvara/plot/plot-k32-2025-01-11-16-49-8e63626753f324f828751cbed8552437762f0c168f85a08ead7f209e500f624a.plot[0m
2025-01-22T01:54:05.748 2.5.0  chia.plotting.check_plots        : [32mINFO    [0m 	Finding proof took: 10 ms. Filepath: /data-l/varvara/plot/plot-k32-2025-01-11-16-49-8e63626753f324f828751cbed8552437762f0c168f85a08ead7f209e500f624a.plot[0m
2025-01-22T01:54:05.750 2.5.0  chia.plotting.check_plots        : [32mINFO    [0m 	Looking up qualities took: 3 ms. Filepath: /data-l/varvara/plot/plot-k32-2025-01-11-16-49-8e63626753f324f828751cbed8552437762f0c168f85a08ead7f209e500f624a.plot[0m
2025-01-22T01:54:05.758 2.5.0  chia.plotting.check_plots        : [32mINFO    [0m 	Finding proof took: 7 ms. Filepath: /data-l/varvara/plot/plot-k32-2025-01-11-16-49-8e63626753f324f828751cbed8552437762f0c168f85a08ead7f209e500f624a.plot[0m
2025-01-22T01:54:05.763 2.5.0  chia.plotting.check_plots        : [32mINFO    [0m 	Looking up qualities took: 5 ms. Filepath: /data-l/varvara/plot/plot-k32-2025-01-11-16-49-8e63626753f324f828751cbed8552437762f0c168f85a08ead7f209e500f624a.plot[0m
2025-01-22T01:54:05.773 2.5.0  chia.plotting.check_plots        : [32mINFO    [0m 	Finding proof took: 10 ms. Filepath: /data-l/varvara/plot/plot-k32-2025-01-11-16-49-8e63626753f324f828751cbed8552437762f0c168f85a08ead7f209e500f624a.plot[0m
2025-01-22T01:54:05.777 2.5.0  chia.plotting.check_plots        : [32mINFO    [0m 	Looking up qualities took: 4 ms. Filepath: /data-l/varvara/plot/plot-k32-2025-01-11-16-49-8e63626753f324f828751cbed8552437762f0c168f85a08ead7f209e500f624a.plot[0m
2025-01-22T01:54:05.786 2.5.0  chia.plotting.check_plots        : [32mINFO    [0m 	Finding proof took: 9 ms. Filepath: /data-l/varvara/plot/plot-k32-2025-01-11-16-49-8e63626753f324f828751cbed8552437762f0c168f85a08ead7f209e500f624a.plot[0m
2025-01-22T01:54:05.791 2.5.0  chia.plotting.check_plots        : [32mINFO    [0m 	Looking up qualities took: 4 ms. Filepath: /data-l/varvara/plot/plot-k32-2025-01-11-16-49-8e63626753f324f828751cbed8552437762f0c168f85a08ead7f209e500f624a.plot[0m
2025-01-22T01:54:05.799 2.5.0  chia.plotting.check_plots        : [32mINFO    [0m 	Finding proof took: 8 ms. Filepath: /data-l/varvara/plot/plot-k32-2025-01-11-16-49-8e63626753f324f828751cbed8552437762f0c168f85a08ead7f209e500f624a.plot[0m
2025-01-22T01:54:05.802 2.5.0  chia.plotting.check_plots        : [32mINFO    [0m 	Looking up qualities took: 2 ms. Filepath: /data-l/varvara/plot/plot-k32-2025-01-11-16-49-8e63626753f324f828751cbed8552437762f0c168f85a08ead7f209e500f624a.plot[0m
2025-01-22T01:54:05.809 2.5.0  chia.plotting.check_plots        : [32mINFO    [0m 	Finding proof took: 7 ms. Filepath: /data-l/varvara/plot/plot-k32-2025-01-11-16-49-8e63626753f324f828751cbed8552437762f0c168f85a08ead7f209e500f624a.plot[0m
2025-01-22T01:54:05.809 2.5.0  chia.plotting.check_plots        : [32mINFO    [0m 	Looking up qualities took: 0 ms. Filepath: /data-l/varvara/plot/plot-k32-2025-01-11-16-49-8e63626753f324f828751cbed8552437762f0c168f85a08ead7f209e500f624a.plot[0m
2025-01-22T01:54:05.815 2.5.0  chia.plotting.check_plots        : [32mINFO    [0m 	Finding proof took: 7 ms. Filepath: /data-l/varvara/plot/plot-k32-2025-01-11-16-49-8e63626753f324f828751cbed8552437762f0c168f85a08ead7f209e500f624a.plot[0m
2025-01-22T01:54:05.815 2.5.0  chia.plotting.check_plots        : [32mINFO    [0m 	Looking up qualities took: 0 ms. Filepath: /data-l/varvara/plot/plot-k32-2025-01-11-16-49-8e63626753f324f828751cbed8552437762f0c168f85a08ead7f209e500f624a.plot[0m
2025-01-22T01:54:05.822 2.5.0  chia.plotting.check_plots        : [32mINFO    [0m 	Finding proof took: 6 ms. Filepath: /data-l/varvara/plot/plot-k32-2025-01-11-16-49-8e63626753f324f828751cbed8552437762f0c168f85a08ead7f209e500f624a.plot[0m
2025-01-22T01:54:05.837 2.5.0  chia.plotting.check_plots        : [32mINFO    [0m 	Looking up qualities took: 5 ms. Filepath: /data-l/varvara/plot/plot-k32-2025-01-11-16-49-8e63626753f324f828751cbed8552437762f0c168f85a08ead7f209e500f624a.plot[0m
2025-01-22T01:54:05.847 2.5.0  chia.plotting.check_plots        : [32mINFO    [0m 	Finding proof took: 9 ms. Filepath: /data-l/varvara/plot/plot-k32-2025-01-11-16-49-8e63626753f324f828751cbed8552437762f0c168f85a08ead7f209e500f624a.plot[0m
2025-01-22T01:54:05.847 2.5.0  chia.plotting.check_plots        : [32mINFO    [0m 	Looking up qualities took: 0 ms. Filepath: /data-l/varvara/plot/plot-k32-2025-01-11-16-49-8e63626753f324f828751cbed8552437762f0c168f85a08ead7f209e500f624a.plot[0m
2025-01-22T01:54:05.857 2.5.0  chia.plotting.check_plots        : [32mINFO    [0m 	Finding proof took: 10 ms. Filepath: /data-l/varvara/plot/plot-k32-2025-01-11-16-49-8e63626753f324f828751cbed8552437762f0c168f85a08ead7f209e500f624a.plot[0m
2025-01-22T01:54:05.857 2.5.0  chia.plotting.check_plots        : [32mINFO    [0m 	Looking up qualities took: 0 ms. Filepath: /data-l/varvara/plot/plot-k32-2025-01-11-16-49-8e63626753f324f828751cbed8552437762f0c168f85a08ead7f209e500f624a.plot[0m
2025-01-22T01:54:05.868 2.5.0  chia.plotting.check_plots        : [32mINFO    [0m 	Finding proof took: 10 ms. Filepath: /data-l/varvara/plot/plot-k32-2025-01-11-16-49-8e63626753f324f828751cbed8552437762f0c168f85a08ead7f209e500f624a.plot[0m
2025-01-22T01:54:05.868 2.5.0  chia.plotting.check_plots        : [32mINFO    [0m 	Looking up qualities took: 0 ms. Filepath: /data-l/varvara/plot/plot-k32-2025-01-11-16-49-8e63626753f324f828751cbed8552437762f0c168f85a08ead7f209e500f624a.plot[0m
2025-01-22T01:54:05.878 2.5.0  chia.plotting.check_plots        : [32mINFO    [0m 	Finding proof took: 11 ms. Filepath: /data-l/varvara/plot/plot-k32-2025-01-11-16-49-8e63626753f324f828751cbed8552437762f0c168f85a08ead7f209e500f624a.plot[0m
2025-01-22T01:54:05.881 2.5.0  chia.plotting.check_plots        : [32mINFO    [0m 	Looking up qualities took: 2 ms. Filepath: /data-l/varvara/plot/plot-k32-2025-01-11-16-49-8e63626753f324f828751cbed8552437762f0c168f85a08ead7f209e500f624a.plot[0m
2025-01-22T01:54:05.887 2.5.0  chia.plotting.check_plots        : [32mINFO    [0m 	Finding proof took: 7 ms. Filepath: /data-l/varvara/plot/plot-k32-2025-01-11-16-49-8e63626753f324f828751cbed8552437762f0c168f85a08ead7f209e500f624a.plot[0m
2025-01-22T01:54:05.888 2.5.0  chia.plotting.check_plots        : [32mINFO    [0m 	Looking up qualities took: 0 ms. Filepath: /data-l/varvara/plot/plot-k32-2025-01-11-16-49-8e63626753f324f828751cbed8552437762f0c168f85a08ead7f209e500f624a.plot[0m
2025-01-22T01:54:05.895 2.5.0  chia.plotting.check_plots        : [32mINFO    [0m 	Finding proof took: 7 ms. Filepath: /data-l/varvara/plot/plot-k32-2025-01-11-16-49-8e63626753f324f828751cbed8552437762f0c168f85a08ead7f209e500f624a.plot[0m
2025-01-22T01:54:05.900 2.5.0  chia.plotting.check_plots        : [32mINFO    [0m 	Looking up qualities took: 4 ms. Filepath: /data-l/varvara/plot/plot-k32-2025-01-11-16-49-8e63626753f324f828751cbed8552437762f0c168f85a08ead7f209e500f624a.plot[0m
2025-01-22T01:54:05.908 2.5.0  chia.plotting.check_plots        : [32mINFO    [0m 	Finding proof took: 8 ms. Filepath: /data-l/varvara/plot/plot-k32-2025-01-11-16-49-8e63626753f324f828751cbed8552437762f0c168f85a08ead7f209e500f624a.plot[0m
2025-01-22T01:54:05.918 2.5.0  chia.plotting.check_plots        : [32mINFO    [0m 	Looking up qualities took: 3 ms. Filepath: /data-l/varvara/plot/plot-k32-2025-01-11-16-49-8e63626753f324f828751cbed8552437762f0c168f85a08ead7f209e500f624a.plot[0m
2025-01-22T01:54:05.925 2.5.0  chia.plotting.check_plots        : [32mINFO    [0m 	Finding proof took: 8 ms. Filepath: /data-l/varvara/plot/plot-k32-2025-01-11-16-49-8e63626753f324f828751cbed8552437762f0c168f85a08ead7f209e500f624a.plot[0m
2025-01-22T01:54:05.929 2.5.0  chia.plotting.check_plots        : [32mINFO    [0m 	Looking up qualities took: 3 ms. Filepath: /data-l/varvara/plot/plot-k32-2025-01-11-16-49-8e63626753f324f828751cbed8552437762f0c168f85a08ead7f209e500f624a.plot[0m
2025-01-22T01:54:05.937 2.5.0  chia.plotting.check_plots        : [32mINFO    [0m 	Finding proof took: 8 ms. Filepath: /data-l/varvara/plot/plot-k32-2025-01-11-16-49-8e63626753f324f828751cbed8552437762f0c168f85a08ead7f209e500f624a.plot[0m
2025-01-22T01:54:05.940 2.5.0  chia.plotting.check_plots        : [32mINFO    [0m 	Looking up qualities took: 2 ms. Filepath: /data-l/varvara/plot/plot-k32-2025-01-11-16-49-8e63626753f324f828751cbed8552437762f0c168f85a08ead7f209e500f624a.plot[0m
2025-01-22T01:54:05.947 2.5.0  chia.plotting.check_plots        : [32mINFO    [0m 	Finding proof took: 8 ms. Filepath: /data-l/varvara/plot/plot-k32-2025-01-11-16-49-8e63626753f324f828751cbed8552437762f0c168f85a08ead7f209e500f624a.plot[0m
2025-01-22T01:54:05.947 2.5.0  chia.plotting.check_plots        : [32mINFO    [0m 	Looking up qualities took: 0 ms. Filepath: /data-l/varvara/plot/plot-k32-2025-01-11-16-49-8e63626753f324f828751cbed8552437762f0c168f85a08ead7f209e500f624a.plot[0m
2025-01-22T01:54:05.954 2.5.0  chia.plotting.check_plots        : [32mINFO    [0m 	Finding proof took: 6 ms. Filepath: /data-l/varvara/plot/plot-k32-2025-01-11-16-49-8e63626753f324f828751cbed8552437762f0c168f85a08ead7f209e500f624a.plot[0m
2025-01-22T01:54:05.956 2.5.0  chia.plotting.check_plots        : [32mINFO    [0m 	Looking up qualities took: 2 ms. Filepath: /data-l/varvara/plot/plot-k32-2025-01-11-16-49-8e63626753f324f828751cbed8552437762f0c168f85a08ead7f209e500f624a.plot[0m
2025-01-22T01:54:05.969 2.5.0  chia.plotting.check_plots        : [32mINFO    [0m 	Finding proof took: 13 ms. Filepath: /data-l/varvara/plot/plot-k32-2025-01-11-16-49-8e63626753f324f828751cbed8552437762f0c168f85a08ead7f209e500f624a.plot[0m
2025-01-22T01:54:05.969 2.5.0  chia.plotting.check_plots        : [32mINFO    [0m 	Looking up qualities took: 0 ms. Filepath: /data-l/varvara/plot/plot-k32-2025-01-11-16-49-8e63626753f324f828751cbed8552437762f0c168f85a08ead7f209e500f624a.plot[0m
2025-01-22T01:54:05.976 2.5.0  chia.plotting.check_plots        : [32mINFO    [0m 	Finding proof took: 6 ms. Filepath: /data-l/varvara/plot/plot-k32-2025-01-11-16-49-8e63626753f324f828751cbed8552437762f0c168f85a08ead7f209e500f624a.plot[0m
2025-01-22T01:54:05.981 2.5.0  chia.plotting.check_plots        : [32mINFO    [0m 	Looking up qualities took: 5 ms. Filepath: /data-l/varvara/plot/plot-k32-2025-01-11-16-49-8e63626753f324f828751cbed8552437762f0c168f85a08ead7f209e500f624a.plot[0m
2025-01-22T01:54:05.991 2.5.0  chia.plotting.check_plots        : [32mINFO    [0m 	Finding proof took: 9 ms. Filepath: /data-l/varvara/plot/plot-k32-2025-01-11-16-49-8e63626753f324f828751cbed8552437762f0c168f85a08ead7f209e500f624a.plot[0m
2025-01-22T01:54:06.001 2.5.0  chia.plotting.check_plots        : [32mINFO    [0m 	Looking up qualities took: 6 ms. Filepath: /data-l/varvara/plot/plot-k32-2025-01-11-16-49-8e63626753f324f828751cbed8552437762f0c168f85a08ead7f209e500f624a.plot[0m
2025-01-22T01:54:06.012 2.5.0  chia.plotting.check_plots        : [32mINFO    [0m 	Finding proof took: 10 ms. Filepath: /data-l/varvara/plot/plot-k32-2025-01-11-16-49-8e63626753f324f828751cbed8552437762f0c168f85a08ead7f209e500f624a.plot[0m
2025-01-22T01:54:06.012 2.5.0  chia.plotting.check_plots        : [32mINFO    [0m 	Looking up qualities took: 0 ms. Filepath: /data-l/varvara/plot/plot-k32-2025-01-11-16-49-8e63626753f324f828751cbed8552437762f0c168f85a08ead7f209e500f624a.plot[0m
2025-01-22T01:54:06.023 2.5.0  chia.plotting.check_plots        : [32mINFO    [0m 	Finding proof took: 10 ms. Filepath: /data-l/varvara/plot/plot-k32-2025-01-11-16-49-8e63626753f324f828751cbed8552437762f0c168f85a08ead7f209e500f624a.plot[0m
2025-01-22T01:54:06.025 2.5.0  chia.plotting.check_plots        : [32mINFO    [0m 	Looking up qualities took: 1 ms. Filepath: /data-l/varvara/plot/plot-k32-2025-01-11-16-49-8e63626753f324f828751cbed8552437762f0c168f85a08ead7f209e500f624a.plot[0m
2025-01-22T01:54:06.031 2.5.0  chia.plotting.check_plots        : [32mINFO    [0m 	Finding proof took: 6 ms. Filepath: /data-l/varvara/plot/plot-k32-2025-01-11-16-49-8e63626753f324f828751cbed8552437762f0c168f85a08ead7f209e500f624a.plot[0m
2025-01-22T01:54:06.031 2.5.0  chia.plotting.check_plots        : [32mINFO    [0m 	Looking up qualities took: 0 ms. Filepath: /data-l/varvara/plot/plot-k32-2025-01-11-16-49-8e63626753f324f828751cbed8552437762f0c168f85a08ead7f209e500f624a.plot[0m
2025-01-22T01:54:06.038 2.5.0  chia.plotting.check_plots        : [32mINFO    [0m 	Finding proof took: 6 ms. Filepath: /data-l/varvara/plot/plot-k32-2025-01-11-16-49-8e63626753f324f828751cbed8552437762f0c168f85a08ead7f209e500f624a.plot[0m
2025-01-22T01:54:06.043 2.5.0  chia.plotting.check_plots        : [32mINFO    [0m 	Looking up qualities took: 1 ms. Filepath: /data-l/varvara/plot/plot-k32-2025-01-11-16-49-8e63626753f324f828751cbed8552437762f0c168f85a08ead7f209e500f624a.plot[0m
2025-01-22T01:54:06.049 2.5.0  chia.plotting.check_plots        : [32mINFO    [0m 	Finding proof took: 7 ms. Filepath: /data-l/varvara/plot/plot-k32-2025-01-11-16-49-8e63626753f324f828751cbed8552437762f0c168f85a08ead7f209e500f624a.plot[0m
2025-01-22T01:54:06.054 2.5.0  chia.plotting.check_plots        : [32mINFO    [0m 	Looking up qualities took: 4 ms. Filepath: /data-l/varvara/plot/plot-k32-2025-01-11-16-49-8e63626753f324f828751cbed8552437762f0c168f85a08ead7f209e500f624a.plot[0m
2025-01-22T01:54:06.062 2.5.0  chia.plotting.check_plots        : [32mINFO    [0m 	Finding proof took: 8 ms. Filepath: /data-l/varvara/plot/plot-k32-2025-01-11-16-49-8e63626753f324f828751cbed8552437762f0c168f85a08ead7f209e500f624a.plot[0m
2025-01-22T01:54:06.067 2.5.0  chia.plotting.check_plots        : [32mINFO    [0m 	Looking up qualities took: 3 ms. Filepath: /data-l/varvara/plot/plot-k32-2025-01-11-16-49-8e63626753f324f828751cbed8552437762f0c168f85a08ead7f209e500f624a.plot[0m
2025-01-22T01:54:06.074 2.5.0  chia.plotting.check_plots        : [32mINFO    [0m 	Finding proof took: 8 ms. Filepath: /data-l/varvara/plot/plot-k32-2025-01-11-16-49-8e63626753f324f828751cbed8552437762f0c168f85a08ead7f209e500f624a.plot[0m
2025-01-22T01:54:06.077 2.5.0  chia.plotting.check_plots        : [32mINFO    [0m 	Looking up qualities took: 2 ms. Filepath: /data-l/varvara/plot/plot-k32-2025-01-11-16-49-8e63626753f324f828751cbed8552437762f0c168f85a08ead7f209e500f624a.plot[0m
2025-01-22T01:54:06.084 2.5.0  chia.plotting.check_plots        : [32mINFO    [0m 	Finding proof took: 6 ms. Filepath: /data-l/varvara/plot/plot-k32-2025-01-11-16-49-8e63626753f324f828751cbed8552437762f0c168f85a08ead7f209e500f624a.plot[0m
2025-01-22T01:54:06.087 2.5.0  chia.plotting.check_plots        : [32mINFO    [0m 	Looking up qualities took: 4 ms. Filepath: /data-l/varvara/plot/plot-k32-2025-01-11-16-49-8e63626753f324f828751cbed8552437762f0c168f85a08ead7f209e500f624a.plot[0m
2025-01-22T01:54:06.095 2.5.0  chia.plotting.check_plots        : [32mINFO    [0m 	Finding proof took: 8 ms. Filepath: /data-l/varvara/plot/plot-k32-2025-01-11-16-49-8e63626753f324f828751cbed8552437762f0c168f85a08ead7f209e500f624a.plot[0m
2025-01-22T01:54:06.101 2.5.0  chia.plotting.check_plots        : [32mINFO    [0m 	Looking up qualities took: 6 ms. Filepath: /data-l/varvara/plot/plot-k32-2025-01-11-16-49-8e63626753f324f828751cbed8552437762f0c168f85a08ead7f209e500f624a.plot[0m
2025-01-22T01:54:06.112 2.5.0  chia.plotting.check_plots        : [32mINFO    [0m 	Finding proof took: 10 ms. Filepath: /data-l/varvara/plot/plot-k32-2025-01-11-16-49-8e63626753f324f828751cbed8552437762f0c168f85a08ead7f209e500f624a.plot[0m
2025-01-22T01:54:06.112 2.5.0  chia.plotting.check_plots        : [32mINFO    [0m 	Looking up qualities took: 0 ms. Filepath: /data-l/varvara/plot/plot-k32-2025-01-11-16-49-8e63626753f324f828751cbed8552437762f0c168f85a08ead7f209e500f624a.plot[0m
2025-01-22T01:54:06.122 2.5.0  chia.plotting.check_plots        : [32mINFO    [0m 	Finding proof took: 11 ms. Filepath: /data-l/varvara/plot/plot-k32-2025-01-11-16-49-8e63626753f324f828751cbed8552437762f0c168f85a08ead7f209e500f624a.plot[0m
2025-01-22T01:54:06.123 2.5.0  chia.plotting.check_plots        : [32mINFO    [0m 	Looking up qualities took: 0 ms. Filepath: /data-l/varvara/plot/plot-k32-2025-01-11-16-49-8e63626753f324f828751cbed8552437762f0c168f85a08ead7f209e500f624a.plot[0m
2025-01-22T01:54:06.128 2.5.0  chia.plotting.check_plots        : [32mINFO    [0m 	Finding proof took: 5 ms. Filepath: /data-l/varvara/plot/plot-k32-2025-01-11-16-49-8e63626753f324f828751cbed8552437762f0c168f85a08ead7f209e500f624a.plot[0m
2025-01-22T01:54:06.129 2.5.0  chia.plotting.check_plots        : [32mINFO    [0m 	Looking up qualities took: 1 ms. Filepath: /data-l/varvara/plot/plot-k32-2025-01-11-16-49-8e63626753f324f828751cbed8552437762f0c168f85a08ead7f209e500f624a.plot[0m
2025-01-22T01:54:06.135 2.5.0  chia.plotting.check_plots        : [32mINFO    [0m 	Finding proof took: 6 ms. Filepath: /data-l/varvara/plot/plot-k32-2025-01-11-16-49-8e63626753f324f828751cbed8552437762f0c168f85a08ead7f209e500f624a.plot[0m
2025-01-22T01:54:06.140 2.5.0  chia.plotting.check_plots        : [32mINFO    [0m 	Looking up qualities took: 4 ms. Filepath: /data-l/varvara/plot/plot-k32-2025-01-11-16-49-8e63626753f324f828751cbed8552437762f0c168f85a08ead7f209e500f624a.plot[0m
2025-01-22T01:54:06.148 2.5.0  chia.plotting.check_plots        : [32mINFO    [0m 	Finding proof took: 8 ms. Filepath: /data-l/varvara/plot/plot-k32-2025-01-11-16-49-8e63626753f324f828751cbed8552437762f0c168f85a08ead7f209e500f624a.plot[0m
2025-01-22T01:54:06.148 2.5.0  chia.plotting.check_plots        : [32mINFO    [0m 	Looking up qualities took: 0 ms. Filepath: /data-l/varvara/plot/plot-k32-2025-01-11-16-49-8e63626753f324f828751cbed8552437762f0c168f85a08ead7f209e500f624a.plot[0m
2025-01-22T01:54:06.156 2.5.0  chia.plotting.check_plots        : [32mINFO    [0m 	Finding proof took: 8 ms. Filepath: /data-l/varvara/plot/plot-k32-2025-01-11-16-49-8e63626753f324f828751cbed8552437762f0c168f85a08ead7f209e500f624a.plot[0m
2025-01-22T01:54:06.157 2.5.0  chia.plotting.check_plots        : [32mINFO    [0m 	Looking up qualities took: 1 ms. Filepath: /data-l/varvara/plot/plot-k32-2025-01-11-16-49-8e63626753f324f828751cbed8552437762f0c168f85a08ead7f209e500f624a.plot[0m
2025-01-22T01:54:06.162 2.5.0  chia.plotting.check_plots        : [32mINFO    [0m 	Finding proof took: 5 ms. Filepath: /data-l/varvara/plot/plot-k32-2025-01-11-16-49-8e63626753f324f828751cbed8552437762f0c168f85a08ead7f209e500f624a.plot[0m
2025-01-22T01:54:06.168 2.5.0  chia.plotting.check_plots        : [32mINFO    [0m 	Looking up qualities took: 6 ms. Filepath: /data-l/varvara/plot/plot-k32-2025-01-11-16-49-8e63626753f324f828751cbed8552437762f0c168f85a08ead7f209e500f624a.plot[0m
2025-01-22T01:54:06.178 2.5.0  chia.plotting.check_plots        : [32mINFO    [0m 	Finding proof took: 10 ms. Filepath: /data-l/varvara/plot/plot-k32-2025-01-11-16-49-8e63626753f324f828751cbed8552437762f0c168f85a08ead7f209e500f624a.plot[0m
2025-01-22T01:54:06.191 2.5.0  chia.plotting.check_plots        : [32mINFO    [0m 	Looking up qualities took: 4 ms. Filepath: /data-l/varvara/plot/plot-k32-2025-01-11-16-49-8e63626753f324f828751cbed8552437762f0c168f85a08ead7f209e500f624a.plot[0m
2025-01-22T01:54:06.200 2.5.0  chia.plotting.check_plots        : [32mINFO    [0m 	Finding proof took: 10 ms. Filepath: /data-l/varvara/plot/plot-k32-2025-01-11-16-49-8e63626753f324f828751cbed8552437762f0c168f85a08ead7f209e500f624a.plot[0m
2025-01-22T01:54:06.217 2.5.0  chia.plotting.check_plots        : [32mINFO    [0m 	Looking up qualities took: 4 ms. Filepath: /data-l/varvara/plot/plot-k32-2025-01-11-16-49-8e63626753f324f828751cbed8552437762f0c168f85a08ead7f209e500f624a.plot[0m
2025-01-22T01:54:06.227 2.5.0  chia.plotting.check_plots        : [32mINFO    [0m 	Finding proof took: 10 ms. Filepath: /data-l/varvara/plot/plot-k32-2025-01-11-16-49-8e63626753f324f828751cbed8552437762f0c168f85a08ead7f209e500f624a.plot[0m
2025-01-22T01:54:06.227 2.5.0  chia.plotting.check_plots        : [32mINFO    [0m 	Looking up qualities took: 0 ms. Filepath: /data-l/varvara/plot/plot-k32-2025-01-11-16-49-8e63626753f324f828751cbed8552437762f0c168f85a08ead7f209e500f624a.plot[0m
2025-01-22T01:54:06.236 2.5.0  chia.plotting.check_plots        : [32mINFO    [0m 	Finding proof took: 10 ms. Filepath: /data-l/varvara/plot/plot-k32-2025-01-11-16-49-8e63626753f324f828751cbed8552437762f0c168f85a08ead7f209e500f624a.plot[0m
2025-01-22T01:54:06.246 2.5.0  chia.plotting.check_plots        : [32mINFO    [0m 	Looking up qualities took: 3 ms. Filepath: /data-l/varvara/plot/plot-k32-2025-01-11-16-49-8e63626753f324f828751cbed8552437762f0c168f85a08ead7f209e500f624a.plot[0m
2025-01-22T01:54:06.255 2.5.0  chia.plotting.check_plots        : [32mINFO    [0m 	Finding proof took: 9 ms. Filepath: /data-l/varvara/plot/plot-k32-2025-01-11-16-49-8e63626753f324f828751cbed8552437762f0c168f85a08ead7f209e500f624a.plot[0m
2025-01-22T01:54:06.260 2.5.0  chia.plotting.check_plots        : [32mINFO    [0m 	Looking up qualities took: 5 ms. Filepath: /data-l/varvara/plot/plot-k32-2025-01-11-16-49-8e63626753f324f828751cbed8552437762f0c168f85a08ead7f209e500f624a.plot[0m
2025-01-22T01:54:06.271 2.5.0  chia.plotting.check_plots        : [32mINFO    [0m 	Finding proof took: 10 ms. Filepath: /data-l/varvara/plot/plot-k32-2025-01-11-16-49-8e63626753f324f828751cbed8552437762f0c168f85a08ead7f209e500f624a.plot[0m
2025-01-22T01:54:06.273 2.5.0  chia.plotting.check_plots        : [32mINFO    [0m 	Looking up qualities took: 3 ms. Filepath: /data-l/varvara/plot/plot-k32-2025-01-11-16-49-8e63626753f324f828751cbed8552437762f0c168f85a08ead7f209e500f624a.plot[0m
2025-01-22T01:54:06.281 2.5.0  chia.plotting.check_plots        : [32mINFO    [0m 	Finding proof took: 7 ms. Filepath: /data-l/varvara/plot/plot-k32-2025-01-11-16-49-8e63626753f324f828751cbed8552437762f0c168f85a08ead7f209e500f624a.plot[0m
2025-01-22T01:54:06.281 2.5.0  chia.plotting.check_plots        : [32mINFO    [0m 	Looking up qualities took: 0 ms. Filepath: /data-l/varvara/plot/plot-k32-2025-01-11-16-49-8e63626753f324f828751cbed8552437762f0c168f85a08ead7f209e500f624a.plot[0m
2025-01-22T01:54:06.288 2.5.0  chia.plotting.check_plots        : [32mINFO    [0m 	Finding proof took: 7 ms. Filepath: /data-l/varvara/plot/plot-k32-2025-01-11-16-49-8e63626753f324f828751cbed8552437762f0c168f85a08ead7f209e500f624a.plot[0m
2025-01-22T01:54:06.293 2.5.0  chia.plotting.check_plots        : [32mINFO    [0m 	Looking up qualities took: 4 ms. Filepath: /data-l/varvara/plot/plot-k32-2025-01-11-16-49-8e63626753f324f828751cbed8552437762f0c168f85a08ead7f209e500f624a.plot[0m
2025-01-22T01:54:06.302 2.5.0  chia.plotting.check_plots        : [32mINFO    [0m 	Finding proof took: 9 ms. Filepath: /data-l/varvara/plot/plot-k32-2025-01-11-16-49-8e63626753f324f828751cbed8552437762f0c168f85a08ead7f209e500f624a.plot[0m
2025-01-22T01:54:06.302 2.5.0  chia.plotting.check_plots        : [32mINFO    [0m 	Looking up qualities took: 0 ms. Filepath: /data-l/varvara/plot/plot-k32-2025-01-11-16-49-8e63626753f324f828751cbed8552437762f0c168f85a08ead7f209e500f624a.plot[0m
2025-01-22T01:54:06.311 2.5.0  chia.plotting.check_plots        : [32mINFO    [0m 	Finding proof took: 8 ms. Filepath: /data-l/varvara/plot/plot-k32-2025-01-11-16-49-8e63626753f324f828751cbed8552437762f0c168f85a08ead7f209e500f624a.plot[0m
2025-01-22T01:54:06.311 2.5.0  chia.plotting.check_plots        : [32mINFO    [0m 	Looking up qualities took: 0 ms. Filepath: /data-l/varvara/plot/plot-k32-2025-01-11-16-49-8e63626753f324f828751cbed8552437762f0c168f85a08ead7f209e500f624a.plot[0m
2025-01-22T01:54:06.320 2.5.0  chia.plotting.check_plots        : [32mINFO    [0m 	Finding proof took: 8 ms. Filepath: /data-l/varvara/plot/plot-k32-2025-01-11-16-49-8e63626753f324f828751cbed8552437762f0c168f85a08ead7f209e500f624a.plot[0m
2025-01-22T01:54:06.320 2.5.0  chia.plotting.check_plots        : [32mINFO    [0m 	Looking up qualities took: 0 ms. Filepath: /data-l/varvara/plot/plot-k32-2025-01-11-16-49-8e63626753f324f828751cbed8552437762f0c168f85a08ead7f209e500f624a.plot[0m
2025-01-22T01:54:06.329 2.5.0  chia.plotting.check_plots        : [32mINFO    [0m 	Finding proof took: 9 ms. Filepath: /data-l/varvara/plot/plot-k32-2025-01-11-16-49-8e63626753f324f828751cbed8552437762f0c168f85a08ead7f209e500f624a.plot[0m
2025-01-22T01:54:06.332 2.5.0  chia.plotting.check_plots        : [32mINFO    [0m 	Looking up qualities took: 2 ms. Filepath: /data-l/varvara/plot/plot-k32-2025-01-11-16-49-8e63626753f324f828751cbed8552437762f0c168f85a08ead7f209e500f624a.plot[0m
2025-01-22T01:54:06.339 2.5.0  chia.plotting.check_plots        : [32mINFO    [0m 	Finding proof took: 7 ms. Filepath: /data-l/varvara/plot/plot-k32-2025-01-11-16-49-8e63626753f324f828751cbed8552437762f0c168f85a08ead7f209e500f624a.plot[0m
2025-01-22T01:54:06.341 2.5.0  chia.plotting.check_plots        : [32mINFO    [0m 	Looking up qualities took: 0 ms. Filepath: /data-l/varvara/plot/plot-k32-2025-01-11-16-49-8e63626753f324f828751cbed8552437762f0c168f85a08ead7f209e500f624a.plot[0m
2025-01-22T01:54:06.347 2.5.0  chia.plotting.check_plots        : [32mINFO    [0m 	Finding proof took: 5 ms. Filepath: /data-l/varvara/plot/plot-k32-2025-01-11-16-49-8e63626753f324f828751cbed8552437762f0c168f85a08ead7f209e500f624a.plot[0m
2025-01-22T01:54:06.350 2.5.0  chia.plotting.check_plots        : [32mINFO    [0m 	Looking up qualities took: 0 ms. Filepath: /data-l/varvara/plot/plot-k32-2025-01-11-16-49-8e63626753f324f828751cbed8552437762f0c168f85a08ead7f209e500f624a.plot[0m
2025-01-22T01:54:06.356 2.5.0  chia.plotting.check_plots        : [32mINFO    [0m 	Finding proof took: 5 ms. Filepath: /data-l/varvara/plot/plot-k32-2025-01-11-16-49-8e63626753f324f828751cbed8552437762f0c168f85a08ead7f209e500f624a.plot[0m
2025-01-22T01:54:06.363 2.5.0  chia.plotting.check_plots        : [32mINFO    [0m 	Looking up qualities took: 0 ms. Filepath: /data-l/varvara/plot/plot-k32-2025-01-11-16-49-8e63626753f324f828751cbed8552437762f0c168f85a08ead7f209e500f624a.plot[0m
2025-01-22T01:54:06.368 2.5.0  chia.plotting.check_plots        : [32mINFO    [0m 	Finding proof took: 5 ms. Filepath: /data-l/varvara/plot/plot-k32-2025-01-11-16-49-8e63626753f324f828751cbed8552437762f0c168f85a08ead7f209e500f624a.plot[0m
2025-01-22T01:54:06.368 2.5.0  chia.plotting.check_plots        : [32mINFO    [0m 	Looking up qualities took: 0 ms. Filepath: /data-l/varvara/plot/plot-k32-2025-01-11-16-49-8e63626753f324f828751cbed8552437762f0c168f85a08ead7f209e500f624a.plot[0m
2025-01-22T01:54:06.374 2.5.0  chia.plotting.check_plots        : [32mINFO    [0m 	Finding proof took: 5 ms. Filepath: /data-l/varvara/plot/plot-k32-2025-01-11-16-49-8e63626753f324f828751cbed8552437762f0c168f85a08ead7f209e500f624a.plot[0m
2025-01-22T01:54:06.380 2.5.0  chia.plotting.check_plots        : [32mINFO    [0m 	Looking up qualities took: 5 ms. Filepath: /data-l/varvara/plot/plot-k32-2025-01-11-16-49-8e63626753f324f828751cbed8552437762f0c168f85a08ead7f209e500f624a.plot[0m
2025-01-22T01:54:06.390 2.5.0  chia.plotting.check_plots        : [32mINFO    [0m 	Finding proof took: 11 ms. Filepath: /data-l/varvara/plot/plot-k32-2025-01-11-16-49-8e63626753f324f828751cbed8552437762f0c168f85a08ead7f209e500f624a.plot[0m
2025-01-22T01:54:06.390 2.5.0  chia.plotting.check_plots        : [32mINFO    [0m 	Looking up qualities took: 0 ms. Filepath: /data-l/varvara/plot/plot-k32-2025-01-11-16-49-8e63626753f324f828751cbed8552437762f0c168f85a08ead7f209e500f624a.plot[0m
2025-01-22T01:54:06.401 2.5.0  chia.plotting.check_plots        : [32mINFO    [0m 	Finding proof took: 10 ms. Filepath: /data-l/varvara/plot/plot-k32-2025-01-11-16-49-8e63626753f324f828751cbed8552437762f0c168f85a08ead7f209e500f624a.plot[0m
2025-01-22T01:54:06.401 2.5.0  chia.plotting.check_plots        : [32mINFO    [0m 	Proofs 90 / 100, 0.9. Filepath: /data-l/varvara/plot/plot-k32-2025-01-11-16-49-8e63626753f324f828751cbed8552437762f0c168f85a08ead7f209e500f624a.plot[0m
2025-01-22T01:54:06.402 2.5.0  chia.plotting.check_plots        : [32mINFO    [0m [0m
2025-01-22T01:54:06.402 2.5.0  chia.plotting.check_plots        : [32mINFO    [0m [0m
2025-01-22T01:54:06.402 2.5.0  chia.plotting.check_plots        : [32mINFO    [0m Summary[0m
2025-01-22T01:54:06.402 2.5.0  chia.plotting.check_plots        : [32mINFO    [0m Found 1 valid plots, total size 0.09895 TiB[0m
2025-01-22T01:54:06.402 2.5.0  chia.plotting.check_plots        : [32mINFO    [0m 1 plots of size 32[0m
