
Starting plotting progress into temporary dirs: /data-l/varvara/tmp and /data-l/varvara/tmp
ID: 8d06ccedd347cf1d0c3c708d09274fe477a259717e6391393fbe262fad9a92bc
Plot size is: 27
Buffer size is: 8192MiB
Using 16 buckets
Final Directory is: /data-l/varvara/plot
Using 64 threads of stripe size 16384
Process ID is: 801555

Starting phase 1/4: Forward Propagation into tmp files... Wed Jan  8 16:03:33 2025
Computing table 1
Progress update: 0.01
F1 complete, time: 12.473 seconds. CPU (141.33%) Wed Jan  8 16:03:45 2025
Computing table 2
Progress update: 0.06
	Bucket 0 uniform sort. Ram: 7.888GiB, u_sort min: 0.250GiB, qs min: 0.063GiB.
	Bucket 1 uniform sort. Ram: 7.888GiB, u_sort min: 0.125GiB, qs min: 0.062GiB.
	Bucket 2 uniform sort. Ram: 7.888GiB, u_sort min: 0.250GiB, qs min: 0.063GiB.
	Bucket 3 uniform sort. Ram: 7.888GiB, u_sort min: 0.250GiB, qs min: 0.063GiB.
	Bucket 4 uniform sort. Ram: 7.888GiB, u_sort min: 0.250GiB, qs min: 0.063GiB.
	Bucket 5 uniform sort. Ram: 7.888GiB, u_sort min: 0.125GiB, qs min: 0.062GiB.
	Bucket 6 uniform sort. Ram: 7.888GiB, u_sort min: 0.125GiB, qs min: 0.062GiB.
	Bucket 7 uniform sort. Ram: 7.888GiB, u_sort min: 0.250GiB, qs min: 0.063GiB.
	Bucket 8 uniform sort. Ram: 7.888GiB, u_sort min: 0.125GiB, qs min: 0.062GiB.
	Bucket 9 uniform sort. Ram: 7.888GiB, u_sort min: 0.250GiB, qs min: 0.063GiB.
	Bucket 10 uniform sort. Ram: 7.888GiB, u_sort min: 0.125GiB, qs min: 0.062GiB.
	Bucket 11 uniform sort. Ram: 7.888GiB, u_sort min: 0.250GiB, qs min: 0.063GiB.
	Bucket 12 uniform sort. Ram: 7.888GiB, u_sort min: 0.125GiB, qs min: 0.062GiB.
	Bucket 13 uniform sort. Ram: 7.888GiB, u_sort min: 0.125GiB, qs min: 0.062GiB.
	Bucket 14 uniform sort. Ram: 7.888GiB, u_sort min: 0.250GiB, qs min: 0.063GiB.
	Bucket 15 uniform sort. Ram: 7.888GiB, u_sort min: 0.125GiB, qs min: 0.062GiB.
	Total matches: 134223996
Forward propagation table time: 37.967 seconds. CPU (561.050%) Wed Jan  8 16:04:23 2025
Computing table 3
Progress update: 0.120
	Bucket 0 uniform sort. Ram: 7.888GiB, u_sort min: 0.250GiB, qs min: 0.125GiB.
	Bucket 1 uniform sort. Ram: 7.888GiB, u_sort min: 0.500GiB, qs min: 0.125GiB.
	Bucket 2 uniform sort. Ram: 7.888GiB, u_sort min: 0.250GiB, qs min: 0.125GiB.
	Bucket 3 uniform sort. Ram: 7.888GiB, u_sort min: 0.500GiB, qs min: 0.125GiB.
	Bucket 4 uniform sort. Ram: 7.888GiB, u_sort min: 0.250GiB, qs min: 0.125GiB.
	Bucket 5 uniform sort. Ram: 7.888GiB, u_sort min: 0.250GiB, qs min: 0.125GiB.
	Bucket 6 uniform sort. Ram: 7.888GiB, u_sort min: 0.500GiB, qs min: 0.125GiB.
	Bucket 7 uniform sort. Ram: 7.888GiB, u_sort min: 0.500GiB, qs min: 0.125GiB.
	Bucket 8 uniform sort. Ram: 7.888GiB, u_sort min: 0.250GiB, qs min: 0.125GiB.
	Bucket 9 uniform sort. Ram: 7.888GiB, u_sort min: 0.250GiB, qs min: 0.125GiB.
	Bucket 10 uniform sort. Ram: 7.888GiB, u_sort min: 0.250GiB, qs min: 0.125GiB.
	Bucket 11 uniform sort. Ram: 7.888GiB, u_sort min: 0.500GiB, qs min: 0.125GiB.
	Bucket 12 uniform sort. Ram: 7.888GiB, u_sort min: 0.500GiB, qs min: 0.125GiB.
	Bucket 13 uniform sort. Ram: 7.888GiB, u_sort min: 0.500GiB, qs min: 0.125GiB.
	Bucket 14 uniform sort. Ram: 7.888GiB, u_sort min: 0.500GiB, qs min: 0.125GiB.
	Bucket 15 uniform sort. Ram: 7.888GiB, u_sort min: 0.500GiB, qs min: 0.125GiB.
	Total matches: 134240237
Forward propagation table time: 42.633 seconds. CPU (471.240%) Wed Jan  8 16:05:06 2025
Computing table 4
Progress update: 0.200
	Bucket 0 uniform sort. Ram: 7.888GiB, u_sort min: 0.719GiB, qs min: 0.180GiB.
	Bucket 1 uniform sort. Ram: 7.888GiB, u_sort min: 0.719GiB, qs min: 0.180GiB.
	Bucket 2 uniform sort. Ram: 7.888GiB, u_sort min: 0.719GiB, qs min: 0.180GiB.
	Bucket 3 uniform sort. Ram: 7.888GiB, u_sort min: 0.359GiB, qs min: 0.180GiB.
	Bucket 4 uniform sort. Ram: 7.888GiB, u_sort min: 0.719GiB, qs min: 0.180GiB.
	Bucket 5 uniform sort. Ram: 7.888GiB, u_sort min: 0.359GiB, qs min: 0.180GiB.
	Bucket 6 uniform sort. Ram: 7.888GiB, u_sort min: 0.359GiB, qs min: 0.180GiB.
	Bucket 7 uniform sort. Ram: 7.888GiB, u_sort min: 0.359GiB, qs min: 0.180GiB.
	Bucket 8 uniform sort. Ram: 7.888GiB, u_sort min: 0.719GiB, qs min: 0.180GiB.
	Bucket 9 uniform sort. Ram: 7.888GiB, u_sort min: 0.719GiB, qs min: 0.180GiB.
	Bucket 10 uniform sort. Ram: 7.888GiB, u_sort min: 0.719GiB, qs min: 0.180GiB.
	Bucket 11 uniform sort. Ram: 7.888GiB, u_sort min: 0.719GiB, qs min: 0.180GiB.
	Bucket 12 uniform sort. Ram: 7.888GiB, u_sort min: 0.359GiB, qs min: 0.180GiB.
	Bucket 13 uniform sort. Ram: 7.888GiB, u_sort min: 0.719GiB, qs min: 0.180GiB.
	Bucket 14 uniform sort. Ram: 7.888GiB, u_sort min: 0.719GiB, qs min: 0.180GiB.
	Bucket 15 uniform sort. Ram: 7.888GiB, u_sort min: 0.719GiB, qs min: 0.180GiB.
	Total matches: 134262285
Forward propagation table time: 53.767 seconds. CPU (425.450%) Wed Jan  8 16:06:00 2025
Computing table 5
Progress update: 0.280
	Bucket 0 uniform sort. Ram: 7.888GiB, u_sort min: 0.719GiB, qs min: 0.180GiB.
	Bucket 1 uniform sort. Ram: 7.888GiB, u_sort min: 0.719GiB, qs min: 0.180GiB.
	Bucket 2 uniform sort. Ram: 7.888GiB, u_sort min: 0.719GiB, qs min: 0.180GiB.
	Bucket 3 uniform sort. Ram: 7.888GiB, u_sort min: 0.719GiB, qs min: 0.180GiB.
	Bucket 4 uniform sort. Ram: 7.888GiB, u_sort min: 0.719GiB, qs min: 0.180GiB.
	Bucket 5 uniform sort. Ram: 7.888GiB, u_sort min: 0.719GiB, qs min: 0.180GiB.
	Bucket 6 uniform sort. Ram: 7.888GiB, u_sort min: 0.719GiB, qs min: 0.180GiB.
	Bucket 7 uniform sort. Ram: 7.888GiB, u_sort min: 0.719GiB, qs min: 0.180GiB.
	Bucket 8 uniform sort. Ram: 7.888GiB, u_sort min: 0.719GiB, qs min: 0.180GiB.
	Bucket 9 uniform sort. Ram: 7.888GiB, u_sort min: 0.359GiB, qs min: 0.180GiB.
	Bucket 10 uniform sort. Ram: 7.888GiB, u_sort min: 0.719GiB, qs min: 0.180GiB.
	Bucket 11 uniform sort. Ram: 7.888GiB, u_sort min: 0.719GiB, qs min: 0.180GiB.
	Bucket 12 uniform sort. Ram: 7.888GiB, u_sort min: 0.719GiB, qs min: 0.180GiB.
	Bucket 13 uniform sort. Ram: 7.888GiB, u_sort min: 0.359GiB, qs min: 0.180GiB.
	Bucket 14 uniform sort. Ram: 7.888GiB, u_sort min: 0.719GiB, qs min: 0.180GiB.
	Bucket 15 uniform sort. Ram: 7.888GiB, u_sort min: 0.719GiB, qs min: 0.180GiB.
	Total matches: 134311756
Forward propagation table time: 62.945 seconds. CPU (370.750%) Wed Jan  8 16:07:03 2025
Computing table 6
Progress update: 0.360
	Bucket 0 uniform sort. Ram: 7.888GiB, u_sort min: 0.594GiB, qs min: 0.149GiB.
	Bucket 1 uniform sort. Ram: 7.888GiB, u_sort min: 0.594GiB, qs min: 0.149GiB.
	Bucket 2 uniform sort. Ram: 7.888GiB, u_sort min: 0.594GiB, qs min: 0.149GiB.
	Bucket 3 uniform sort. Ram: 7.888GiB, u_sort min: 0.594GiB, qs min: 0.149GiB.
	Bucket 4 uniform sort. Ram: 7.888GiB, u_sort min: 0.594GiB, qs min: 0.149GiB.
	Bucket 5 uniform sort. Ram: 7.888GiB, u_sort min: 0.594GiB, qs min: 0.149GiB.
	Bucket 6 uniform sort. Ram: 7.888GiB, u_sort min: 0.594GiB, qs min: 0.149GiB.
	Bucket 7 uniform sort. Ram: 7.888GiB, u_sort min: 0.594GiB, qs min: 0.149GiB.
	Bucket 8 uniform sort. Ram: 7.888GiB, u_sort min: 0.594GiB, qs min: 0.149GiB.
