
Starting plotting progress into temporary dirs: /data-l/varvara/tmp and /data-l/varvara/tmp
ID: f0245c8ffa66855deaaeaf830a57b10c52eea44059bbb19324202f9f608ac058
Plot size is: 27
Buffer size is: 4096MiB
Using 16 buckets
Final Directory is: /data-l/varvara/plot
Using 1 threads of stripe size 2048
Process ID is: 754163

Starting phase 1/4: Forward Propagation into tmp files... Wed Jan  8 04:33:44 2025
Computing table 1
Progress update: 0.01
F1 complete, time: 4.255 seconds. CPU (99.94%) Wed Jan  8 04:33:49 2025
Computing table 2
Progress update: 0.06
	Bucket 0 uniform sort. Ram: 3.946GiB, u_sort min: 0.250GiB, qs min: 0.063GiB.
	Bucket 1 uniform sort. Ram: 3.946GiB, u_sort min: 0.125GiB, qs min: 0.062GiB.
	Bucket 2 uniform sort. Ram: 3.946GiB, u_sort min: 0.250GiB, qs min: 0.063GiB.
	Bucket 3 uniform sort. Ram: 3.946GiB, u_sort min: 0.250GiB, qs min: 0.063GiB.
	Bucket 4 uniform sort. Ram: 3.946GiB, u_sort min: 0.125GiB, qs min: 0.062GiB.
	Bucket 5 uniform sort. Ram: 3.946GiB, u_sort min: 0.250GiB, qs min: 0.063GiB.
	Bucket 6 uniform sort. Ram: 3.946GiB, u_sort min: 0.250GiB, qs min: 0.063GiB.
	Bucket 7 uniform sort. Ram: 3.946GiB, u_sort min: 0.250GiB, qs min: 0.063GiB.
	Bucket 8 uniform sort. Ram: 3.946GiB, u_sort min: 0.250GiB, qs min: 0.063GiB.
	Bucket 9 uniform sort. Ram: 3.946GiB, u_sort min: 0.250GiB, qs min: 0.063GiB.
	Bucket 10 uniform sort. Ram: 3.946GiB, u_sort min: 0.125GiB, qs min: 0.062GiB.
	Bucket 11 uniform sort. Ram: 3.946GiB, u_sort min: 0.125GiB, qs min: 0.062GiB.
	Bucket 12 uniform sort. Ram: 3.946GiB, u_sort min: 0.125GiB, qs min: 0.062GiB.
	Bucket 13 uniform sort. Ram: 3.946GiB, u_sort min: 0.125GiB, qs min: 0.062GiB.
	Bucket 14 uniform sort. Ram: 3.946GiB, u_sort min: 0.125GiB, qs min: 0.062GiB.
	Bucket 15 uniform sort. Ram: 3.946GiB, u_sort min: 0.125GiB, qs min: 0.062GiB.
	Total matches: 134233852
Forward propagation table time: 82.112 seconds. CPU (99.760%) Wed Jan  8 04:35:11 2025
Computing table 3
Progress update: 0.120
	Bucket 0 uniform sort. Ram: 3.946GiB, u_sort min: 0.500GiB, qs min: 0.125GiB.
	Bucket 1 uniform sort. Ram: 3.946GiB, u_sort min: 0.500GiB, qs min: 0.125GiB.
	Bucket 2 uniform sort. Ram: 3.946GiB, u_sort min: 0.500GiB, qs min: 0.125GiB.
	Bucket 3 uniform sort. Ram: 3.946GiB, u_sort min: 0.500GiB, qs min: 0.125GiB.
	Bucket 4 uniform sort. Ram: 3.946GiB, u_sort min: 0.250GiB, qs min: 0.125GiB.
	Bucket 5 uniform sort. Ram: 3.946GiB, u_sort min: 0.500GiB, qs min: 0.125GiB.
	Bucket 6 uniform sort. Ram: 3.946GiB, u_sort min: 0.500GiB, qs min: 0.125GiB.
	Bucket 7 uniform sort. Ram: 3.946GiB, u_sort min: 0.500GiB, qs min: 0.125GiB.
	Bucket 8 uniform sort. Ram: 3.946GiB, u_sort min: 0.500GiB, qs min: 0.125GiB.
	Bucket 9 uniform sort. Ram: 3.946GiB, u_sort min: 0.500GiB, qs min: 0.125GiB.
	Bucket 10 uniform sort. Ram: 3.946GiB, u_sort min: 0.500GiB, qs min: 0.125GiB.
	Bucket 11 uniform sort. Ram: 3.946GiB, u_sort min: 0.500GiB, qs min: 0.125GiB.
	Bucket 12 uniform sort. Ram: 3.946GiB, u_sort min: 0.500GiB, qs min: 0.125GiB.
	Bucket 13 uniform sort. Ram: 3.946GiB, u_sort min: 0.250GiB, qs min: 0.125GiB.
	Bucket 14 uniform sort. Ram: 3.946GiB, u_sort min: 0.250GiB, qs min: 0.125GiB.
	Bucket 15 uniform sort. Ram: 3.946GiB, u_sort min: 0.250GiB, qs min: 0.125GiB.
	Total matches: 134247012
Forward propagation table time: 89.589 seconds. CPU (99.750%) Wed Jan  8 04:36:40 2025
Computing table 4
Progress update: 0.200
	Bucket 0 uniform sort. Ram: 3.946GiB, u_sort min: 0.359GiB, qs min: 0.180GiB.
	Bucket 1 uniform sort. Ram: 3.946GiB, u_sort min: 0.719GiB, qs min: 0.180GiB.
	Bucket 2 uniform sort. Ram: 3.946GiB, u_sort min: 0.359GiB, qs min: 0.180GiB.
	Bucket 3 uniform sort. Ram: 3.946GiB, u_sort min: 0.359GiB, qs min: 0.180GiB.
	Bucket 4 uniform sort. Ram: 3.946GiB, u_sort min: 0.719GiB, qs min: 0.180GiB.
	Bucket 5 uniform sort. Ram: 3.946GiB, u_sort min: 0.719GiB, qs min: 0.180GiB.
	Bucket 6 uniform sort. Ram: 3.946GiB, u_sort min: 0.719GiB, qs min: 0.180GiB.
	Bucket 7 uniform sort. Ram: 3.946GiB, u_sort min: 0.719GiB, qs min: 0.180GiB.
	Bucket 8 uniform sort. Ram: 3.946GiB, u_sort min: 0.719GiB, qs min: 0.180GiB.
	Bucket 9 uniform sort. Ram: 3.946GiB, u_sort min: 0.719GiB, qs min: 0.180GiB.
	Bucket 10 uniform sort. Ram: 3.946GiB, u_sort min: 0.719GiB, qs min: 0.180GiB.
	Bucket 11 uniform sort. Ram: 3.946GiB, u_sort min: 0.719GiB, qs min: 0.180GiB.
	Bucket 12 uniform sort. Ram: 3.946GiB, u_sort min: 0.719GiB, qs min: 0.180GiB.
	Bucket 13 uniform sort. Ram: 3.946GiB, u_sort min: 0.719GiB, qs min: 0.180GiB.
	Bucket 14 uniform sort. Ram: 3.946GiB, u_sort min: 0.719GiB, qs min: 0.180GiB.
	Bucket 15 uniform sort. Ram: 3.946GiB, u_sort min: 0.719GiB, qs min: 0.180GiB.
	Total matches: 134267137
Forward propagation table time: 108.555 seconds. CPU (99.900%) Wed Jan  8 04:38:29 2025
Computing table 5
Progress update: 0.280
	Bucket 0 uniform sort. Ram: 3.946GiB, u_sort min: 0.719GiB, qs min: 0.180GiB.
	Bucket 1 uniform sort. Ram: 3.946GiB, u_sort min: 0.719GiB, qs min: 0.180GiB.
	Bucket 2 uniform sort. Ram: 3.946GiB, u_sort min: 0.359GiB, qs min: 0.180GiB.
	Bucket 3 uniform sort. Ram: 3.946GiB, u_sort min: 0.719GiB, qs min: 0.180GiB.
	Bucket 4 uniform sort. Ram: 3.946GiB, u_sort min: 0.719GiB, qs min: 0.180GiB.
	Bucket 5 uniform sort. Ram: 3.946GiB, u_sort min: 0.719GiB, qs min: 0.180GiB.
	Bucket 6 uniform sort. Ram: 3.946GiB, u_sort min: 0.719GiB, qs min: 0.180GiB.
	Bucket 7 uniform sort. Ram: 3.946GiB, u_sort min: 0.719GiB, qs min: 0.180GiB.
	Bucket 8 uniform sort. Ram: 3.946GiB, u_sort min: 0.719GiB, qs min: 0.180GiB.
	Bucket 9 uniform sort. Ram: 3.946GiB, u_sort min: 0.359GiB, qs min: 0.180GiB.
	Bucket 10 uniform sort. Ram: 3.946GiB, u_sort min: 0.719GiB, qs min: 0.180GiB.
	Bucket 11 uniform sort. Ram: 3.946GiB, u_sort min: 0.719GiB, qs min: 0.180GiB.
	Bucket 12 uniform sort. Ram: 3.946GiB, u_sort min: 0.719GiB, qs min: 0.180GiB.
	Bucket 13 uniform sort. Ram: 3.946GiB, u_sort min: 0.719GiB, qs min: 0.180GiB.
	Bucket 14 uniform sort. Ram: 3.946GiB, u_sort min: 0.719GiB, qs min: 0.180GiB.
	Bucket 15 uniform sort. Ram: 3.946GiB, u_sort min: 0.719GiB, qs min: 0.180GiB.
	Total matches: 134318739
Forward propagation table time: 107.548 seconds. CPU (99.910%) Wed Jan  8 04:40:16 2025
Computing table 6
Progress update: 0.360
	Bucket 0 uniform sort. Ram: 3.946GiB, u_sort min: 0.594GiB, qs min: 0.148GiB.
	Bucket 1 uniform sort. Ram: 3.946GiB, u_sort min: 0.594GiB, qs min: 0.149GiB.
	Bucket 2 uniform sort. Ram: 3.946GiB, u_sort min: 0.594GiB, qs min: 0.149GiB.
	Bucket 3 uniform sort. Ram: 3.946GiB, u_sort min: 0.594GiB, qs min: 0.149GiB.
	Bucket 4 uniform sort. Ram: 3.946GiB, u_sort min: 0.594GiB, qs min: 0.148GiB.
	Bucket 5 uniform sort. Ram: 3.946GiB, u_sort min: 0.594GiB, qs min: 0.149GiB.
	Bucket 6 uniform sort. Ram: 3.946GiB, u_sort min: 0.594GiB, qs min: 0.149GiB.
	Bucket 7 uniform sort. Ram: 3.946GiB, u_sort min: 0.594GiB, qs min: 0.149GiB.
	Bucket 8 uniform sort. Ram: 3.946GiB, u_sort min: 0.594GiB, qs min: 0.149GiB.
	Bucket 9 uniform sort. Ram: 3.946GiB, u_sort min: 0.594GiB, qs min: 0.149GiB.
	Bucket 10 uniform sort. Ram: 3.946GiB, u_sort min: 0.594GiB, qs min: 0.149GiB.
	Bucket 11 uniform sort. Ram: 3.946GiB, u_sort min: 0.594GiB, qs min: 0.149GiB.
	Bucket 12 uniform sort. Ram: 3.946GiB, u_sort min: 0.594GiB, qs min: 0.149GiB.
	Bucket 13 uniform sort. Ram: 3.946GiB, u_sort min: 0.594GiB, qs min: 0.149GiB.
	Bucket 14 uniform sort. Ram: 3.946GiB, u_sort min: 0.297GiB, qs min: 0.148GiB.
	Bucket 15 uniform sort. Ram: 3.946GiB, u_sort min: 0.594GiB, qs min: 0.149GiB.
	Total matches: 134431989
Forward propagation table time: 94.427 seconds. CPU (99.890%) Wed Jan  8 04:41:51 2025
Computing table 7
Progress update: 0.420
	Bucket 0 uniform sort. Ram: 3.946GiB, u_sort min: 0.500GiB, qs min: 0.125GiB.
	Bucket 1 uniform sort. Ram: 3.946GiB, u_sort min: 0.500GiB, qs min: 0.125GiB.
	Bucket 2 uniform sort. Ram: 3.946GiB, u_sort min: 0.500GiB, qs min: 0.125GiB.
	Bucket 3 uniform sort. Ram: 3.946GiB, u_sort min: 0.500GiB, qs min: 0.125GiB.
	Bucket 4 uniform sort. Ram: 3.946GiB, u_sort min: 0.500GiB, qs min: 0.125GiB.
	Bucket 5 uniform sort. Ram: 3.946GiB, u_sort min: 0.500GiB, qs min: 0.125GiB.
	Bucket 6 uniform sort. Ram: 3.946GiB, u_sort min: 0.500GiB, qs min: 0.125GiB.
	Bucket 7 uniform sort. Ram: 3.946GiB, u_sort min: 0.500GiB, qs min: 0.125GiB.
	Bucket 8 uniform sort. Ram: 3.946GiB, u_sort min: 0.500GiB, qs min: 0.125GiB.
	Bucket 9 uniform sort. Ram: 3.946GiB, u_sort min: 0.500GiB, qs min: 0.125GiB.
	Bucket 10 uniform sort. Ram: 3.946GiB, u_sort min: 0.500GiB, qs min: 0.125GiB.
	Bucket 11 uniform sort. Ram: 3.946GiB, u_sort min: 0.500GiB, qs min: 0.125GiB.
	Bucket 12 uniform sort. Ram: 3.946GiB, u_sort min: 0.500GiB, qs min: 0.125GiB.
	Bucket 13 uniform sort. Ram: 3.946GiB, u_sort min: 0.500GiB, qs min: 0.125GiB.
	Bucket 14 uniform sort. Ram: 3.946GiB, u_sort min: 0.500GiB, qs min: 0.125GiB.
	Bucket 15 uniform sort. Ram: 3.946GiB, u_sort min: 0.500GiB, qs min: 0.125GiB.
	Total matches: 134643525
Forward propagation table time: 84.350 seconds. CPU (99.940%) Wed Jan  8 04:43:15 2025
Time for phase 1 = 570.864 seconds. CPU (99.860%) Wed Jan  8 04:43:15 2025

Starting phase 2/4: Backpropagation into tmp files... Wed Jan  8 04:43:15 2025
Backpropagating on table 7
Progress update: 0.430
scanned table 7
scanned time =  1.388 seconds. CPU (100.040%) Wed Jan  8 04:43:17 2025
sorting table 7
Backpropagating on table 6
Progress update: 0.480
scanned table 6
scanned time =  4.243 seconds. CPU (100.000%) Wed Jan  8 04:43:25 2025
sorting table 6
sort time =  13.771 seconds. CPU (99.740%) Wed Jan  8 04:43:39 2025
Backpropagating on table 5
Progress update: 0.510
scanned table 5
scanned time =  4.056 seconds. CPU (99.940%) Wed Jan  8 04:43:43 2025
sorting table 5
sort time =  13.169 seconds. CPU (99.960%) Wed Jan  8 04:43:56 2025
Backpropagating on table 4
Progress update: 0.550
scanned table 4
scanned time =  4.006 seconds. CPU (99.910%) Wed Jan  8 04:44:01 2025
sorting table 4
sort time =  12.948 seconds. CPU (99.750%) Wed Jan  8 04:44:14 2025
Backpropagating on table 3
Progress update: 0.580
scanned table 3
scanned time =  3.965 seconds. CPU (99.940%) Wed Jan  8 04:44:18 2025
sorting table 3
sort time =  12.818 seconds. CPU (99.840%) Wed Jan  8 04:44:30 2025
Backpropagating on table 2
Progress update: 0.610
scanned table 2
scanned time =  3.974 seconds. CPU (99.950%) Wed Jan  8 04:44:35 2025
sorting table 2
sort time =  12.832 seconds. CPU (99.920%) Wed Jan  8 04:44:47 2025
table 1 new size: 107045838
Time for phase 2 = 92.392 seconds. CPU (99.860%) Wed Jan  8 04:44:48 2025
Wrote: 268

Starting phase 3/4: Compression from tmp files into "/data-l/varvara/tmp/plot-k27-2025-01-08-04-33-f0245c8ffa66855deaaeaf830a57b10c52eea44059bbb19324202f9f608ac058.plot.2.tmp" ... Wed Jan  8 04:44:48 2025
Compressing tables 1 and 2
Progress update: 0.660
	Bucket 0 uniform sort. Ram: 3.946GiB, u_sort min: 0.250GiB, qs min: 0.063GiB.
	Bucket 1 uniform sort. Ram: 3.946GiB, u_sort min: 0.250GiB, qs min: 0.063GiB.
	Bucket 2 uniform sort. Ram: 3.946GiB, u_sort min: 0.250GiB, qs min: 0.063GiB.
	Bucket 3 uniform sort. Ram: 3.946GiB, u_sort min: 0.250GiB, qs min: 0.063GiB.
	Bucket 4 uniform sort. Ram: 3.946GiB, u_sort min: 0.250GiB, qs min: 0.063GiB.
	Bucket 5 uniform sort. Ram: 3.946GiB, u_sort min: 0.250GiB, qs min: 0.063GiB.
	Bucket 6 uniform sort. Ram: 3.946GiB, u_sort min: 0.250GiB, qs min: 0.063GiB.
	Bucket 7 uniform sort. Ram: 3.946GiB, u_sort min: 0.250GiB, qs min: 0.063GiB.
	Bucket 8 uniform sort. Ram: 3.946GiB, u_sort min: 0.250GiB, qs min: 0.063GiB.
	Bucket 9 uniform sort. Ram: 3.946GiB, u_sort min: 0.250GiB, qs min: 0.063GiB.
	Bucket 10 uniform sort. Ram: 3.946GiB, u_sort min: 0.250GiB, qs min: 0.063GiB.
	Bucket 11 uniform sort. Ram: 3.946GiB, u_sort min: 0.250GiB, qs min: 0.063GiB.
	Bucket 12 QS. Ram: 3.946GiB, u_sort min: 0.125GiB, qs min: 0.048GiB. force_qs: 1
	First computation pass time: 22.284 seconds. CPU (99.750%) Wed Jan  8 04:45:10 2025
	Bucket 0 uniform sort. Ram: 3.946GiB, u_sort min: 0.156GiB, qs min: 0.064GiB.
	Bucket 1 uniform sort. Ram: 3.946GiB, u_sort min: 0.156GiB, qs min: 0.062GiB.
	Bucket 2 uniform sort. Ram: 3.946GiB, u_sort min: 0.156GiB, qs min: 0.063GiB.
	Bucket 3 uniform sort. Ram: 3.946GiB, u_sort min: 0.156GiB, qs min: 0.063GiB.
	Bucket 4 uniform sort. Ram: 3.946GiB, u_sort min: 0.156GiB, qs min: 0.062GiB.
	Bucket 5 uniform sort. Ram: 3.946GiB, u_sort min: 0.156GiB, qs min: 0.062GiB.
	Bucket 6 uniform sort. Ram: 3.946GiB, u_sort min: 0.156GiB, qs min: 0.062GiB.
	Bucket 7 uniform sort. Ram: 3.946GiB, u_sort min: 0.156GiB, qs min: 0.062GiB.
	Bucket 8 uniform sort. Ram: 3.946GiB, u_sort min: 0.156GiB, qs min: 0.063GiB.
	Bucket 9 uniform sort. Ram: 3.946GiB, u_sort min: 0.156GiB, qs min: 0.062GiB.
	Bucket 10 uniform sort. Ram: 3.946GiB, u_sort min: 0.156GiB, qs min: 0.062GiB.
	Bucket 11 uniform sort. Ram: 3.946GiB, u_sort min: 0.156GiB, qs min: 0.062GiB.
	Bucket 12 uniform sort. Ram: 3.946GiB, u_sort min: 0.156GiB, qs min: 0.063GiB.
	Bucket 13 uniform sort. Ram: 3.946GiB, u_sort min: 0.156GiB, qs min: 0.062GiB.
	Bucket 14 uniform sort. Ram: 3.946GiB, u_sort min: 0.156GiB, qs min: 0.062GiB.
	Bucket 15 QS. Ram: 3.946GiB, u_sort min: 0.156GiB, qs min: 0.062GiB. force_qs: 1
	Second computation pass time: 16.095 seconds. CPU (99.910%) Wed Jan  8 04:45:26 2025
	Wrote 107192229 entries
Total compress table time: 38.518 seconds. CPU (99.820%) Wed Jan  8 04:45:26 2025
Compressing tables 2 and 3
Progress update: 0.730
	Bucket 0 uniform sort. Ram: 1.973GiB, u_sort min: 0.250GiB, qs min: 0.063GiB.
	Bucket 0 uniform sort. Ram: 1.973GiB, u_sort min: 0.109GiB, qs min: 0.055GiB.
	Bucket 1 uniform sort. Ram: 1.973GiB, u_sort min: 0.250GiB, qs min: 0.063GiB.
	Bucket 1 uniform sort. Ram: 1.973GiB, u_sort min: 0.109GiB, qs min: 0.055GiB.
	Bucket 2 uniform sort. Ram: 1.973GiB, u_sort min: 0.250GiB, qs min: 0.063GiB.
	Bucket 2 uniform sort. Ram: 1.973GiB, u_sort min: 0.109GiB, qs min: 0.055GiB.
	Bucket 3 uniform sort. Ram: 1.973GiB, u_sort min: 0.250GiB, qs min: 0.063GiB.
	Bucket 3 uniform sort. Ram: 1.973GiB, u_sort min: 0.109GiB, qs min: 0.055GiB.
	Bucket 4 uniform sort. Ram: 1.973GiB, u_sort min: 0.250GiB, qs min: 0.063GiB.
	Bucket 4 uniform sort. Ram: 1.973GiB, u_sort min: 0.109GiB, qs min: 0.055GiB.
	Bucket 5 uniform sort. Ram: 1.973GiB, u_sort min: 0.250GiB, qs min: 0.063GiB.
	Bucket 5 uniform sort. Ram: 1.973GiB, u_sort min: 0.109GiB, qs min: 0.055GiB.
	Bucket 6 uniform sort. Ram: 1.973GiB, u_sort min: 0.250GiB, qs min: 0.063GiB.
	Bucket 6 uniform sort. Ram: 1.973GiB, u_sort min: 0.109GiB, qs min: 0.055GiB.
	Bucket 7 uniform sort. Ram: 1.973GiB, u_sort min: 0.250GiB, qs min: 0.063GiB.
	Bucket 7 uniform sort. Ram: 1.973GiB, u_sort min: 0.109GiB, qs min: 0.055GiB.
	Bucket 8 uniform sort. Ram: 1.973GiB, u_sort min: 0.250GiB, qs min: 0.063GiB.
	Bucket 8 uniform sort. Ram: 1.973GiB, u_sort min: 0.109GiB, qs min: 0.055GiB.
	Bucket 9 uniform sort. Ram: 1.973GiB, u_sort min: 0.250GiB, qs min: 0.063GiB.
	Bucket 9 uniform sort. Ram: 1.973GiB, u_sort min: 0.109GiB, qs min: 0.055GiB.
	Bucket 10 uniform sort. Ram: 1.973GiB, u_sort min: 0.250GiB, qs min: 0.063GiB.
	Bucket 10 uniform sort. Ram: 1.973GiB, u_sort min: 0.109GiB, qs min: 0.055GiB.
	Bucket 11 uniform sort. Ram: 1.973GiB, u_sort min: 0.250GiB, qs min: 0.063GiB.
	Bucket 11 uniform sort. Ram: 1.973GiB, u_sort min: 0.109GiB, qs min: 0.055GiB.
	Bucket 12 QS. Ram: 1.973GiB, u_sort min: 0.125GiB, qs min: 0.049GiB. force_qs: 1
	Bucket 12 QS. Ram: 1.973GiB, u_sort min: 0.109GiB, qs min: 0.043GiB. force_qs: 1
	First computation pass time: 29.123 seconds. CPU (99.950%) Wed Jan  8 04:45:55 2025
	Bucket 0 uniform sort. Ram: 3.946GiB, u_sort min: 0.313GiB, qs min: 0.098GiB.
	Bucket 1 uniform sort. Ram: 3.946GiB, u_sort min: 0.313GiB, qs min: 0.098GiB.
	Bucket 2 uniform sort. Ram: 3.946GiB, u_sort min: 0.313GiB, qs min: 0.098GiB.
	Bucket 3 uniform sort. Ram: 3.946GiB, u_sort min: 0.313GiB, qs min: 0.098GiB.
	Bucket 4 uniform sort. Ram: 3.946GiB, u_sort min: 0.313GiB, qs min: 0.098GiB.
	Bucket 5 uniform sort. Ram: 3.946GiB, u_sort min: 0.313GiB, qs min: 0.098GiB.
	Bucket 6 uniform sort. Ram: 3.946GiB, u_sort min: 0.313GiB, qs min: 0.098GiB.
	Bucket 7 uniform sort. Ram: 3.946GiB, u_sort min: 0.313GiB, qs min: 0.098GiB.
	Bucket 8 uniform sort. Ram: 3.946GiB, u_sort min: 0.313GiB, qs min: 0.098GiB.
	Bucket 9 uniform sort. Ram: 3.946GiB, u_sort min: 0.313GiB, qs min: 0.098GiB.
	Bucket 10 QS. Ram: 3.946GiB, u_sort min: 0.078GiB, qs min: 0.020GiB. force_qs: 1
	Second computation pass time: 15.743 seconds. CPU (99.940%) Wed Jan  8 04:46:11 2025
	Wrote 107542279 entries
Total compress table time: 44.875 seconds. CPU (99.940%) Wed Jan  8 04:46:11 2025
Compressing tables 3 and 4
Progress update: 0.790
	Bucket 0 uniform sort. Ram: 1.973GiB, u_sort min: 0.250GiB, qs min: 0.063GiB.
	Bucket 0 uniform sort. Ram: 1.973GiB, u_sort min: 0.109GiB, qs min: 0.055GiB.
	Bucket 1 uniform sort. Ram: 1.973GiB, u_sort min: 0.250GiB, qs min: 0.063GiB.
	Bucket 1 uniform sort. Ram: 1.973GiB, u_sort min: 0.109GiB, qs min: 0.055GiB.
	Bucket 2 uniform sort. Ram: 1.973GiB, u_sort min: 0.250GiB, qs min: 0.063GiB.
	Bucket 2 uniform sort. Ram: 1.973GiB, u_sort min: 0.109GiB, qs min: 0.055GiB.
	Bucket 3 uniform sort. Ram: 1.973GiB, u_sort min: 0.250GiB, qs min: 0.063GiB.
	Bucket 3 uniform sort. Ram: 1.973GiB, u_sort min: 0.109GiB, qs min: 0.055GiB.
	Bucket 4 uniform sort. Ram: 1.973GiB, u_sort min: 0.250GiB, qs min: 0.063GiB.
	Bucket 4 uniform sort. Ram: 1.973GiB, u_sort min: 0.109GiB, qs min: 0.055GiB.
	Bucket 5 uniform sort. Ram: 1.973GiB, u_sort min: 0.250GiB, qs min: 0.063GiB.
	Bucket 5 uniform sort. Ram: 1.973GiB, u_sort min: 0.109GiB, qs min: 0.055GiB.
	Bucket 6 uniform sort. Ram: 1.973GiB, u_sort min: 0.250GiB, qs min: 0.063GiB.
	Bucket 6 uniform sort. Ram: 1.973GiB, u_sort min: 0.109GiB, qs min: 0.055GiB.
	Bucket 7 uniform sort. Ram: 1.973GiB, u_sort min: 0.250GiB, qs min: 0.063GiB.
	Bucket 7 uniform sort. Ram: 1.973GiB, u_sort min: 0.109GiB, qs min: 0.055GiB.
	Bucket 8 uniform sort. Ram: 1.973GiB, u_sort min: 0.250GiB, qs min: 0.063GiB.
	Bucket 8 uniform sort. Ram: 1.973GiB, u_sort min: 0.109GiB, qs min: 0.055GiB.
	Bucket 9 uniform sort. Ram: 1.973GiB, u_sort min: 0.250GiB, qs min: 0.063GiB.
	Bucket 9 uniform sort. Ram: 1.973GiB, u_sort min: 0.109GiB, qs min: 0.055GiB.
	Bucket 10 uniform sort. Ram: 1.973GiB, u_sort min: 0.250GiB, qs min: 0.063GiB.
	Bucket 10 uniform sort. Ram: 1.973GiB, u_sort min: 0.109GiB, qs min: 0.055GiB.
	Bucket 11 uniform sort. Ram: 1.973GiB, u_sort min: 0.250GiB, qs min: 0.063GiB.
	Bucket 11 uniform sort. Ram: 1.973GiB, u_sort min: 0.109GiB, qs min: 0.055GiB.
	Bucket 12 QS. Ram: 1.973GiB, u_sort min: 0.125GiB, qs min: 0.052GiB. force_qs: 1
	Bucket 12 QS. Ram: 1.973GiB, u_sort min: 0.109GiB, qs min: 0.045GiB. force_qs: 1
	First computation pass time: 29.416 seconds. CPU (99.950%) Wed Jan  8 04:46:40 2025
	Bucket 0 uniform sort. Ram: 3.946GiB, u_sort min: 0.313GiB, qs min: 0.098GiB.
	Bucket 1 uniform sort. Ram: 3.946GiB, u_sort min: 0.313GiB, qs min: 0.098GiB.
	Bucket 2 uniform sort. Ram: 3.946GiB, u_sort min: 0.313GiB, qs min: 0.098GiB.
	Bucket 3 uniform sort. Ram: 3.946GiB, u_sort min: 0.313GiB, qs min: 0.098GiB.
	Bucket 4 uniform sort. Ram: 3.946GiB, u_sort min: 0.313GiB, qs min: 0.098GiB.
	Bucket 5 uniform sort. Ram: 3.946GiB, u_sort min: 0.313GiB, qs min: 0.098GiB.
	Bucket 6 uniform sort. Ram: 3.946GiB, u_sort min: 0.313GiB, qs min: 0.098GiB.
	Bucket 7 uniform sort. Ram: 3.946GiB, u_sort min: 0.313GiB, qs min: 0.098GiB.
	Bucket 8 uniform sort. Ram: 3.946GiB, u_sort min: 0.313GiB, qs min: 0.098GiB.
	Bucket 9 uniform sort. Ram: 3.946GiB, u_sort min: 0.313GiB, qs min: 0.098GiB.
	Bucket 10 QS. Ram: 3.946GiB, u_sort min: 0.078GiB, qs min: 0.027GiB. force_qs: 1
	Second computation pass time: 15.951 seconds. CPU (99.940%) Wed Jan  8 04:46:56 2025
	Wrote 108387829 entries
Total compress table time: 45.377 seconds. CPU (99.940%) Wed Jan  8 04:46:56 2025
Compressing tables 4 and 5
Progress update: 0.850
	Bucket 0 uniform sort. Ram: 1.973GiB, u_sort min: 0.250GiB, qs min: 0.064GiB.
	Bucket 0 uniform sort. Ram: 1.973GiB, u_sort min: 0.109GiB, qs min: 0.055GiB.
	Bucket 1 uniform sort. Ram: 1.973GiB, u_sort min: 0.250GiB, qs min: 0.064GiB.
	Bucket 1 uniform sort. Ram: 1.973GiB, u_sort min: 0.109GiB, qs min: 0.055GiB.
	Bucket 2 uniform sort. Ram: 1.973GiB, u_sort min: 0.250GiB, qs min: 0.064GiB.
	Bucket 2 uniform sort. Ram: 1.973GiB, u_sort min: 0.109GiB, qs min: 0.055GiB.
	Bucket 3 uniform sort. Ram: 1.973GiB, u_sort min: 0.250GiB, qs min: 0.064GiB.
	Bucket 3 uniform sort. Ram: 1.973GiB, u_sort min: 0.109GiB, qs min: 0.055GiB.
	Bucket 4 uniform sort. Ram: 1.973GiB, u_sort min: 0.250GiB, qs min: 0.064GiB.
	Bucket 4 uniform sort. Ram: 1.973GiB, u_sort min: 0.109GiB, qs min: 0.055GiB.
	Bucket 5 uniform sort. Ram: 1.973GiB, u_sort min: 0.250GiB, qs min: 0.064GiB.
	Bucket 5 uniform sort. Ram: 1.973GiB, u_sort min: 0.109GiB, qs min: 0.055GiB.
	Bucket 6 uniform sort. Ram: 1.973GiB, u_sort min: 0.250GiB, qs min: 0.064GiB.
	Bucket 6 uniform sort. Ram: 1.973GiB, u_sort min: 0.109GiB, qs min: 0.055GiB.
	Bucket 7 uniform sort. Ram: 1.973GiB, u_sort min: 0.250GiB, qs min: 0.064GiB.
	Bucket 7 uniform sort. Ram: 1.973GiB, u_sort min: 0.109GiB, qs min: 0.055GiB.
	Bucket 8 uniform sort. Ram: 1.973GiB, u_sort min: 0.250GiB, qs min: 0.064GiB.
	Bucket 8 uniform sort. Ram: 1.973GiB, u_sort min: 0.109GiB, qs min: 0.055GiB.
	Bucket 9 uniform sort. Ram: 1.973GiB, u_sort min: 0.250GiB, qs min: 0.064GiB.
	Bucket 9 uniform sort. Ram: 1.973GiB, u_sort min: 0.109GiB, qs min: 0.055GiB.
	Bucket 10 uniform sort. Ram: 1.973GiB, u_sort min: 0.250GiB, qs min: 0.064GiB.
	Bucket 10 uniform sort. Ram: 1.973GiB, u_sort min: 0.109GiB, qs min: 0.055GiB.
	Bucket 11 uniform sort. Ram: 1.973GiB, u_sort min: 0.250GiB, qs min: 0.064GiB.
	Bucket 11 uniform sort. Ram: 1.973GiB, u_sort min: 0.109GiB, qs min: 0.055GiB.
	Bucket 12 QS. Ram: 1.973GiB, u_sort min: 0.125GiB, qs min: 0.059GiB. force_qs: 1
	Bucket 12 QS. Ram: 1.973GiB, u_sort min: 0.109GiB, qs min: 0.050GiB. force_qs: 1
	First computation pass time: 30.196 seconds. CPU (99.880%) Wed Jan  8 04:47:27 2025
	Bucket 0 uniform sort. Ram: 3.946GiB, u_sort min: 0.313GiB, qs min: 0.099GiB.
	Bucket 1 uniform sort. Ram: 3.946GiB, u_sort min: 0.313GiB, qs min: 0.099GiB.
	Bucket 2 uniform sort. Ram: 3.946GiB, u_sort min: 0.313GiB, qs min: 0.099GiB.
	Bucket 3 uniform sort. Ram: 3.946GiB, u_sort min: 0.313GiB, qs min: 0.099GiB.
	Bucket 4 uniform sort. Ram: 3.946GiB, u_sort min: 0.313GiB, qs min: 0.099GiB.
	Bucket 5 uniform sort. Ram: 3.946GiB, u_sort min: 0.313GiB, qs min: 0.099GiB.
	Bucket 6 uniform sort. Ram: 3.946GiB, u_sort min: 0.313GiB, qs min: 0.099GiB.
	Bucket 7 uniform sort. Ram: 3.946GiB, u_sort min: 0.313GiB, qs min: 0.099GiB.
	Bucket 8 uniform sort. Ram: 3.946GiB, u_sort min: 0.313GiB, qs min: 0.099GiB.
	Bucket 9 uniform sort. Ram: 3.946GiB, u_sort min: 0.313GiB, qs min: 0.099GiB.
	Bucket 10 QS. Ram: 3.946GiB, u_sort min: 0.156GiB, qs min: 0.043GiB. force_qs: 1
	Second computation pass time: 16.483 seconds. CPU (99.950%) Wed Jan  8 04:47:43 2025
	Wrote 110540849 entries
Total compress table time: 46.683 seconds. CPU (99.900%) Wed Jan  8 04:47:43 2025
Compressing tables 5 and 6
Progress update: 0.920
	Bucket 0 uniform sort. Ram: 1.973GiB, u_sort min: 0.250GiB, qs min: 0.066GiB.
	Bucket 0 uniform sort. Ram: 1.973GiB, u_sort min: 0.109GiB, qs min: 0.055GiB.
	Bucket 1 uniform sort. Ram: 1.973GiB, u_sort min: 0.250GiB, qs min: 0.066GiB.
	Bucket 1 uniform sort. Ram: 1.973GiB, u_sort min: 0.109GiB, qs min: 0.055GiB.
	Bucket 2 uniform sort. Ram: 1.973GiB, u_sort min: 0.250GiB, qs min: 0.066GiB.
	Bucket 2 uniform sort. Ram: 1.973GiB, u_sort min: 0.109GiB, qs min: 0.055GiB.
	Bucket 3 uniform sort. Ram: 1.973GiB, u_sort min: 0.250GiB, qs min: 0.066GiB.
	Bucket 3 uniform sort. Ram: 1.973GiB, u_sort min: 0.109GiB, qs min: 0.055GiB.
	Bucket 4 uniform sort. Ram: 1.973GiB, u_sort min: 0.250GiB, qs min: 0.066GiB.
	Bucket 4 uniform sort. Ram: 1.973GiB, u_sort min: 0.109GiB, qs min: 0.055GiB.
	Bucket 5 uniform sort. Ram: 1.973GiB, u_sort min: 0.250GiB, qs min: 0.066GiB.
	Bucket 5 uniform sort. Ram: 1.973GiB, u_sort min: 0.109GiB, qs min: 0.055GiB.
	Bucket 6 uniform sort. Ram: 1.973GiB, u_sort min: 0.250GiB, qs min: 0.066GiB.
	Bucket 6 uniform sort. Ram: 1.973GiB, u_sort min: 0.109GiB, qs min: 0.055GiB.
	Bucket 7 uniform sort. Ram: 1.973GiB, u_sort min: 0.250GiB, qs min: 0.066GiB.
	Bucket 7 uniform sort. Ram: 1.973GiB, u_sort min: 0.109GiB, qs min: 0.055GiB.
	Bucket 8 uniform sort. Ram: 1.973GiB, u_sort min: 0.250GiB, qs min: 0.066GiB.
	Bucket 8 uniform sort. Ram: 1.973GiB, u_sort min: 0.109GiB, qs min: 0.055GiB.
	Bucket 9 uniform sort. Ram: 1.973GiB, u_sort min: 0.250GiB, qs min: 0.066GiB.
	Bucket 9 uniform sort. Ram: 1.973GiB, u_sort min: 0.109GiB, qs min: 0.055GiB.
	Bucket 10 uniform sort. Ram: 1.973GiB, u_sort min: 0.250GiB, qs min: 0.066GiB.
	Bucket 10 uniform sort. Ram: 1.973GiB, u_sort min: 0.109GiB, qs min: 0.055GiB.
	Bucket 11 uniform sort. Ram: 1.973GiB, u_sort min: 0.250GiB, qs min: 0.066GiB.
	Bucket 11 uniform sort. Ram: 1.973GiB, u_sort min: 0.109GiB, qs min: 0.055GiB.
	Bucket 12 uniform sort. Ram: 1.973GiB, u_sort min: 0.250GiB, qs min: 0.066GiB.
	Bucket 12 uniform sort. Ram: 1.973GiB, u_sort min: 0.109GiB, qs min: 0.055GiB.
	Bucket 13 QS. Ram: 1.973GiB, u_sort min: 0.031GiB, qs min: 0.012GiB. force_qs: 1
	Bucket 13 QS. Ram: 1.973GiB, u_sort min: 0.027GiB, qs min: 0.010GiB. force_qs: 1
	First computation pass time: 29.444 seconds. CPU (99.950%) Wed Jan  8 04:48:13 2025
	Bucket 0 uniform sort. Ram: 3.946GiB, u_sort min: 0.313GiB, qs min: 0.100GiB.
	Bucket 1 uniform sort. Ram: 3.946GiB, u_sort min: 0.313GiB, qs min: 0.100GiB.
	Bucket 2 uniform sort. Ram: 3.946GiB, u_sort min: 0.313GiB, qs min: 0.100GiB.
	Bucket 3 uniform sort. Ram: 3.946GiB, u_sort min: 0.313GiB, qs min: 0.100GiB.
	Bucket 4 uniform sort. Ram: 3.946GiB, u_sort min: 0.313GiB, qs min: 0.100GiB.
	Bucket 5 uniform sort. Ram: 3.946GiB, u_sort min: 0.313GiB, qs min: 0.100GiB.
	Bucket 6 uniform sort. Ram: 3.946GiB, u_sort min: 0.313GiB, qs min: 0.100GiB.
	Bucket 7 uniform sort. Ram: 3.946GiB, u_sort min: 0.313GiB, qs min: 0.100GiB.
	Bucket 8 uniform sort. Ram: 3.946GiB, u_sort min: 0.313GiB, qs min: 0.100GiB.
	Bucket 9 uniform sort. Ram: 3.946GiB, u_sort min: 0.313GiB, qs min: 0.100GiB.
	Bucket 10 QS. Ram: 3.946GiB, u_sort min: 0.313GiB, qs min: 0.085GiB. force_qs: 1
	Second computation pass time: 17.935 seconds. CPU (99.960%) Wed Jan  8 04:48:30 2025
	Wrote 116294948 entries
Total compress table time: 47.383 seconds. CPU (99.960%) Wed Jan  8 04:48:30 2025
Compressing tables 6 and 7
Progress update: 0.980
	Bucket 0 uniform sort. Ram: 3.946GiB, u_sort min: 0.109GiB, qs min: 0.055GiB.
	Bucket 1 uniform sort. Ram: 3.946GiB, u_sort min: 0.109GiB, qs min: 0.055GiB.
	Bucket 2 uniform sort. Ram: 3.946GiB, u_sort min: 0.109GiB, qs min: 0.055GiB.
	Bucket 3 uniform sort. Ram: 3.946GiB, u_sort min: 0.109GiB, qs min: 0.055GiB.
	Bucket 4 uniform sort. Ram: 3.946GiB, u_sort min: 0.109GiB, qs min: 0.055GiB.
	Bucket 5 uniform sort. Ram: 3.946GiB, u_sort min: 0.109GiB, qs min: 0.055GiB.
	Bucket 6 uniform sort. Ram: 3.946GiB, u_sort min: 0.109GiB, qs min: 0.055GiB.
	Bucket 7 uniform sort. Ram: 3.946GiB, u_sort min: 0.109GiB, qs min: 0.055GiB.
	Bucket 8 uniform sort. Ram: 3.946GiB, u_sort min: 0.109GiB, qs min: 0.055GiB.
	Bucket 9 uniform sort. Ram: 3.946GiB, u_sort min: 0.109GiB, qs min: 0.055GiB.
	Bucket 10 uniform sort. Ram: 3.946GiB, u_sort min: 0.109GiB, qs min: 0.055GiB.
	Bucket 11 uniform sort. Ram: 3.946GiB, u_sort min: 0.109GiB, qs min: 0.055GiB.
	Bucket 12 uniform sort. Ram: 3.946GiB, u_sort min: 0.109GiB, qs min: 0.055GiB.
	Bucket 13 QS. Ram: 3.946GiB, u_sort min: 0.109GiB, qs min: 0.047GiB. force_qs: 1
	First computation pass time: 19.676 seconds. CPU (99.920%) Wed Jan  8 04:48:50 2025
	Bucket 0 uniform sort. Ram: 3.946GiB, u_sort min: 0.313GiB, qs min: 0.104GiB.
	Bucket 1 uniform sort. Ram: 3.946GiB, u_sort min: 0.313GiB, qs min: 0.104GiB.
	Bucket 2 uniform sort. Ram: 3.946GiB, u_sort min: 0.313GiB, qs min: 0.104GiB.
	Bucket 3 uniform sort. Ram: 3.946GiB, u_sort min: 0.313GiB, qs min: 0.104GiB.
	Bucket 4 uniform sort. Ram: 3.946GiB, u_sort min: 0.313GiB, qs min: 0.104GiB.
	Bucket 5 uniform sort. Ram: 3.946GiB, u_sort min: 0.313GiB, qs min: 0.104GiB.
	Bucket 6 uniform sort. Ram: 3.946GiB, u_sort min: 0.313GiB, qs min: 0.104GiB.
	Bucket 7 uniform sort. Ram: 3.946GiB, u_sort min: 0.313GiB, qs min: 0.104GiB.
	Bucket 8 uniform sort. Ram: 3.946GiB, u_sort min: 0.313GiB, qs min: 0.104GiB.
	Bucket 9 uniform sort. Ram: 3.946GiB, u_sort min: 0.313GiB, qs min: 0.104GiB.
	Bucket 10 uniform sort. Ram: 3.946GiB, u_sort min: 0.313GiB, qs min: 0.104GiB.
	Bucket 11 uniform sort. Ram: 3.946GiB, u_sort min: 0.313GiB, qs min: 0.104GiB.
	Bucket 12 QS. Ram: 3.946GiB, u_sort min: 0.005GiB, qs min: 0.001GiB. force_qs: 1
	Second computation pass time: 19.067 seconds. CPU (99.940%) Wed Jan  8 04:49:09 2025
	Wrote 134643525 entries
Total compress table time: 38.758 seconds. CPU (99.930%) Wed Jan  8 04:49:09 2025
Time for phase 3 = 261.596 seconds. CPU (99.920%) Wed Jan  8 04:49:09 2025

Starting phase 4/4: Write Checkpoint tables into "/data-l/varvara/tmp/plot-k27-2025-01-08-04-33-f0245c8ffa66855deaaeaf830a57b10c52eea44059bbb19324202f9f608ac058.plot.2.tmp" ... Wed Jan  8 04:49:09 2025
	Starting to write C1 and C3 tables
	Bucket 0 uniform sort. Ram: 3.946GiB, u_sort min: 0.219GiB, qs min: 0.055GiB.
	Bucket 1 uniform sort. Ram: 3.946GiB, u_sort min: 0.219GiB, qs min: 0.055GiB.
	Bucket 2 uniform sort. Ram: 3.946GiB, u_sort min: 0.219GiB, qs min: 0.055GiB.
	Bucket 3 uniform sort. Ram: 3.946GiB, u_sort min: 0.219GiB, qs min: 0.055GiB.
	Bucket 4 uniform sort. Ram: 3.946GiB, u_sort min: 0.219GiB, qs min: 0.055GiB.
	Bucket 5 uniform sort. Ram: 3.946GiB, u_sort min: 0.219GiB, qs min: 0.055GiB.
	Bucket 6 uniform sort. Ram: 3.946GiB, u_sort min: 0.219GiB, qs min: 0.055GiB.
	Bucket 7 uniform sort. Ram: 3.946GiB, u_sort min: 0.219GiB, qs min: 0.055GiB.
	Bucket 8 uniform sort. Ram: 3.946GiB, u_sort min: 0.219GiB, qs min: 0.055GiB.
	Bucket 9 uniform sort. Ram: 3.946GiB, u_sort min: 0.219GiB, qs min: 0.055GiB.
	Bucket 10 uniform sort. Ram: 3.946GiB, u_sort min: 0.219GiB, qs min: 0.055GiB.
	Bucket 11 uniform sort. Ram: 3.946GiB, u_sort min: 0.219GiB, qs min: 0.055GiB.
	Bucket 12 uniform sort. Ram: 3.946GiB, u_sort min: 0.219GiB, qs min: 0.055GiB.
	Bucket 13 uniform sort. Ram: 3.946GiB, u_sort min: 0.219GiB, qs min: 0.055GiB.
	Bucket 14 uniform sort. Ram: 3.946GiB, u_sort min: 0.219GiB, qs min: 0.055GiB.
	Bucket 15 QS. Ram: 3.946GiB, u_sort min: 0.219GiB, qs min: 0.055GiB. force_qs: 1
	Finished writing C1 and C3 tables
	Writing C2 table
	Finished writing C2 table
	Final table pointers:
	P1: 0x10c
	P2: 0x17a68830
	P3: 0x2db2912c
	P4: 0x43eafe1c
	P5: 0x5a947d7c
	P6: 0x726be840
	P7: 0x8e064380
	C1: 0xaa1d0380
	C2: 0xaa1dd5e8
	C3: 0xaa1dd5f4
Time for phase 4 = 16.781 seconds. CPU (98.550%) Wed Jan  8 04:49:26 2025
Approximate working space used (without final file): 7.095 GiB
Final File size: 2.696 GiB
Total time = 941.635 seconds. CPU (99.850%) Wed Jan  8 04:49:26 2025
Renamed final file from "/data-l/varvara/tmp/plot-k27-2025-01-08-04-33-f0245c8ffa66855deaaeaf830a57b10c52eea44059bbb19324202f9f608ac058.plot.2.tmp" to "/data-l/varvara/plot/plot-k27-2025-01-08-04-33-f0245c8ffa66855deaaeaf830a57b10c52eea44059bbb19324202f9f608ac058.plot"
Path already added: /data-l/varvara/plot
